UceXiMMNh5rhmuKrvWIc6NIGpLpCUPIZEHYyW20565i3TCWaN0CiPJybWje69vVBPwYwI9ULl86PpokIk5SFsOnoS4koDCJWjeLaEXML5p7ws86w/M8sBEMtROhViyjsy1twh18C+pnX/87VA+BJSHlc8hJl+QyILdIQ4Ol7L25IisYFJlKa9zVfI+O7s6PK
mqXk+ZixAuRrIJPfac1KQGCR2vrVTlMYHgBshv4lqM67GEAym81JBph8AyRPVpGZktiB0Nwvu7FQRCYkA8tUWpL8aRxCo/+NZgREHSZSIHl8TgdzfDq5bQjW31V4hWMUCnPzwZanT6aJko2yWrD5j5wCqUzockXdTxQcxA7H2oSq3VEhO9G3taPQ
mCBfeiz+M+LaAM9BcXbPVKnFxAh6/wJdBaflXSknw3nr+s+J4i9eWcdJhK3N4NSJGR8qagIQOSiUjh1vAaTuSbw0hHxyuP3mi9kBohjYSzBahzsdMhypxIz7MxUQYC7wU1/8nrL4QcjSN7epZiAMibaGCH1ciq/nLO6xSUhyV4EokUvQqvdbFYazBwIJNsWmSmRRCzzGgVi4ps15DzAUEF5TckCK2Xn1q0X/kaP0
Wc64zajOXZci1oJBYLTNTTlbEW+h2Ve2z9AkiO1XOL/tONWxk8LPHur6udt/YOp9aqC9xMMXxmpZiu0DYy72qcamzZbKwq/O6vTPvfzgX98WWI+dEkyovffygvnempJ5jen7/8Ue7bc8NKMzoxT3w0b/rb5jWoqkx/KMex4XxKG+o9k=
tkVCMWwhxpzsvgCkJeQqaMsLCryQht286drO3ruV10nsjFOy0+0UYSmn3CdhuFkp97uKVtbapdN7cM5FJuDxvKeHQuLFahHLpx7SscqmwY7u8msGFhRTNXhwO6daGMOlNlystevSvrGa6vbhAWl3ZyHuKX8AFL87pwTT+4o/YUaHyg4sW5LwM1on4Lmyo9U=
7E3vlRoOJQNM1UtT/ezWpcsLCryQht286drO3ruV10nsnVu81eIVMymn3CdhuFkp97qKVtbapdN7cM5FJuDxvKeHQuLFahHLpx7SscqmwY7u8msGFhRTNXhwO6daGMOlNlystevSvrGa6vbhAWl3ZyHuKX8AFL87pwTT+4o/YUaHyg4sW5LwM1on4Lmyo9U=
mQ9vSj93WeTwJVs6aRmjmukqJgRFkTL2gjsmOp5BCzoDZV43j7vuNAzmYXTJ2sSgV1FwMykN+rP7g107DdeY/404NXEzSa5eyvpZGx/gSr2KoJ2Eo5dmqnmKjUPDrhZp5qbtVipCD46K9O99XGA/nzZYb12yzMh9F/Kiub4aMrlt6Zu/ZZ4Ndxw0w3NDlFeDJv+NfoPaKuTn8my7vpek4Z6j+Q==
pBdYoAfcdbQeAmc9vCfphs22akoBpCZeRC1aXAhPJSk4yAUcG+hZRgt5wYIY+IuQ3Cf4PTJ8aSQMm/P1EABuENM/vH6y2AFoUpf3iWYATCk2JkhdXGrvh6wO8SlIkpfhqHGLsKrXm7UGE8ciCRYFBsrEkSs8pkG4OMYNmQ9QVPDeMzKgivk5VSvlv7Gj1A==
GrELEZMnGlJyH1q3vTCR6nI4MkPaY3GMdC/xlJ6X/BNBUXFB1NzkQS5I7Vu9F0jf/TjFUWMPHr56esm7z6A6nZqgjeSTV7bK6Qp947PuxonWpt22+gJ/Lnp0fx2MoA//Jlh/fcKMGN2HchJZDlpimZ3p65+1Xr0XrLRT0xNUp6M2/52es5p6BHdyHBtOV/SBrqPJ
4ZGUF/z/wqOM65grCaMlPI8VrqpeWPFKCnQsS35+97u3QSX1US7LJpWMQz+FwNgmd0picYxvgtKFzqQ9l5ewvvLqS4koDCJWjeLaEXML5p7ws86w/M8sBEMtROhViyjsy1twh18C+pnX/87VA+BJSHlc8hJl+QyILdIQ4Ol7L25IisYFJlKa9zVfI+O7s6PK
d4X2yqHIGccveO5ZnpBW4rzvOUQ294SD+dGJ0XN2wkMjwyWrlTdQr+U43aF7LTbOMjoBaycAgg3iIDV0a7cemqFKNdNbDt65zqbFhuLilx4yNDdNJED3b57YB+16LPANTzJaKSZ6emmF6fPvrX6V52R0G4N79B8zzn8lDsv60tS/stQrJjfssbaj0Q==
alY4jFQrq6/2XqrwxKTiwO7D2JqtgqhXU574gZxyyJ4rQdGKGPCbqP3+CPXytNl8bONjfZCI/ugz5ww28pBxMHKv54FmCFwRFn44FRwiX19M9mGhyBoHmcgpO3hqH2ttJivXKgkeFT7qHGHj/G7x4Fi+nRGP2MQIPuuC6MqxSQ0L3a+5o9w=
gOc5d5/XLQK7KpvedPsmhsG3ZkcY5W8WWzoDUUQQens60UQcG+hZRgt5wYIY+IuQ2yb4PTJ8aSQMm/P1EABuENM/vH6y2AFoUpf3iWYATCk2JkhdXGrvh6wO8SlIkpfhqHGLsKrXm7UGE8ciCRYFBsrEkSs8pkG4OMYNmQ9QVPDeMzKgivk5VSvlv7Gj1A==
XixJQXyVBdKQmi37clo+gCdUabjF1h37wqfbVGnYmHylJ9GgmPQrsy5HfQiLuCOog9hWFxOZ04bXEqVk+kYdmwz54FjQDB2mf8U4BaljWjAMvOmpHcjxX8t/02GrWB6GCzClPjYP9QVMlurN0eCza70cWOJ/BvEEldMiNu1iFClvC3C6umYbvfBwwnIlDqrFy1fm2nh/3kRk8wxgqwF0fC2XaGgDV6AzB/6aPf+TPoE7PMmMcRBiZn1FrGxFfqD0EefvagAGljH+LnrTnbNTNwPvo44=
FTsNvIxNdJU2RmJxD4NEkU/+YkCFgyxQLl9lCfAE2l0PKudxbncHMIHA4b62+Vam9wLaZ2X3YM/1OM1BS2NHb4K6kct3QNItEiAFFDv3znoxykWz684umd6m1aYSIid+QrSnrfQApw+u2PfNKmygrd+y6olWOkqJlenjj52+ZUfU9IsjqzTPE75/Fe4bOoK0LzIky5Z3nJGmo8E=
DFXHy7IE0Qoj/wjLhTryHRkA572r3gZYmZMgWCpfYQH8FMZFawoDSRJHy/jFgCV2+onqXlNifv/5Z+xHcbhJycfz2/cmWjWzy7AeZVbgwVx3xzJCVeqhq/feIpHaptGuHjI7ZqaUw5UIMOtHahizheacHNV7Uk4RyqrGARFpZwcRLvnfcJQv2xdEg9t6P1Em1wr+jMsSQNOKZ5CZoqPF
t2W5HIShITK1K5w24fFyTMqYh2o5IlaB3hwXo9qr397/QWh9v9JytL+nM3gKdPCKmFflQbT6CtkZXANPpdDYFhcar4At/wJiZR7kTbeHsI6Suot5iJyi5m0ymmFTG+aukOMOQFxfrLSj/QSYdZso3KsLsHf/knopNy+OpSPwSXgZDDLixWmMOM0CUJDJay9eKNoG9YbCGkfVj2OTm6Oj+g==
zkqB7vNE8uRF04xtpPN2BNk5KvDTzpUuOCSnax4kFF9ffcLs+DlV+j01LL/1hPtgGwrEcdQibZJAg8ef0jtPePe1eQtli5iqi891SKAZ6AB/IMk/jD7rGh/XSSac7WQmb9KgyoUaGGR96bbIVTvU+A35WGSiqcWi8G10Unh9r6lZey/Wx6NOZBGnKby9p0Tfb1rp8sDw9eJ+r7SfruWco/s=
fqsayQtYGqYX89dEstUB5ri1ixOmoFJW4XgeCjZncNTFmoMnSJL0lLUhk9p75XkemGQzDKa5QaHSoNF4fMdLKdDcVkyjY4SiUsQ5dCKLz5VmHHQ1RjpwQby219vcUsn1iE4vvdgtM2xKSyMpdo9/vomKvZq6WCm33Hr55EiatUXPjGysrm8KfGrlAUlb+Yeto8g=
QdoJuEJ8V/QM8lUFygP+NmXn4oF9wo7trqiercr9QqRg7LCnNoPjbxZjI/gbbT1yRoxkiteH0dgkoYRAU9jNL+h2N/qjXy2WWDVIJkMKZHrhkqSEoaHS2FHD+LhhQdz0BuGZggxlUCI8pUMpNSPrJuOrMkTNb40sOR+oH0Mi7eIkOKmCwidQL+q9sKPX
89kaW44aw9ye/1vRQmw7GGcF+LRg/r3TL6+nH3L7r3iX9dmBgkS4quuP1chA2cgAH2Bpv2z+yxp/l+mmfC1EJk8SQEolWnhkXSlWSPV7tPgtObjkAumlotCtlNLYPc+pubuPVqfjbmTxZ4k83edk34+aSXKgsNXinm8UH86lvKPb
vGgw9ohbxBqmYE5WHbMmJ5drMfZ+Nku2NTyD72Uw2DZXeiQn4h8CQiV+ZO13Z7Cu0toL2Uh8osYtUhrBk/vmjtCDjuCcv6yU452EOLV7KPzrazDXP3J6CXdPDgXjEElYWWyyQgWJjBiNYtAwCYsvfmi6hlVGIhpnle/jM1tDo9o=
35KxeURcuKfxNvYj58CWDWUF+KVi6LnTL6+nH3L7r3iX9dmHgkS4quuP1chA2cgAH2Bpv2z+yxp/l+mmfC1EJk8SQEolWnhkXSlWSPV7tPgtObjkAumlotCtlNLYPc+pubuPVqfjbmTxZ4k83edk34+aSXKgsNXinm8UH86lvKPb
qTcKJUcoOTtLx/U+MyEwd5drN+BiK0u2NTyD72Uw2DZXeiIn4h8CQiV+ZO13Z7Cu0toL2Uh8osYtUhrBk/vmjtCDjuCcv6yU452EOLV7KPzrazDXP3J6CXdPDgXjEElYWWyyQgWJjBiNYtAwCYsvfmi6hlVGIhpnle/jM1tDo9o=
Mjwyn5oTmySic9Y3DR2CUZdrNvZwLku2NTyD72Uw2DZXeiEn4h8CQiV+ZO13Z7Cu0toL2Uh8osYtUhrBk/vmjtCDjuCcv6yU452EOLV7KPzrazDXP3J6CXdPDgXjEElYWWyyQgWJjBiNYtAwCYsvfmi6hlVGIhpnle/jM1tDo9o=
Ze3IVMO73FN29/WXpPL89efs2ACsvlVT9zFQDiphNtLFlNN0Xprvh7Qmsdp75XkemGQzDKe4T6HSoNF4fMdLKdDcVkyjY4SiUsQ5dCKLz5VmHHQ1RjpwQby219vcUsn1iE4vvdgtM2xKSyMpdo9/vomKvZq6WCm33Hr55EiatUPPjGysrm8KfGrlAUlb+Yeto8g=
AXFLB/xfK5K5MiO4ERsvLsglVWwJ35NIdu6QuunsgXqtKJD2nZfdu9QLLR8NeYsMc5rxvtoMShbLieGSGOirYBt1l42yjMl0TKsT5RAQDiAT7xwOMmjhuBLn15lmEGxZdvao7dwaT1dsPpE5SIJ30eghK0AqZ/vlxuPnMgkGJfYKlPGbvFbh6Hj27Y8PQDTAHuOS0ApJ2YVrlZ+ho8Q=
YyK3wrjT2kA8CzWm6U45mdQsSNTivwWzXo8+L0jIu2fTWLFwyb/4me6b51gJPNwGLuUUAQXgwr1HfCwJLdqt9snNBkgfNPJT/mWJjtF2gxKh1OEOe7r/0mWq/YaDa5R6kpyp/MLDv61mJAR9prLgGXxux9P8mnmNCLaf9fglIzQKk7OhFkePhomyTVLa0LlvnCLp7GjSBbtP9NxkjmcapKq9kcG7sfeVo/A=
YyK3wrjT2kA8CzWm6U45mdQsSNTivwWzXo8+L0jIu2fTWLFwyb/4me6b51gJPNwGLuUUAQXgwr1HfCwJLdqt9snNBkgfNPJT/mWJjtF2gxKh1OEOe7r/0mWq/YaDa5R6kpyp/MLDv61mJAR9prLgGXxux9P8mnmNCLaf9fglIzQKk7OhFkePhomyTVLa0LlvnCLp7GjSBbtP9NxkjmcapKq9kcG7sfeVo/A=
H79HQT/UVMrNdJphMm0F54zooqvUC7+TT6PDbj0VGMaV7K3qtkG0SN3b5Ss9Lb7ENFRf0ezc9cETEyJ2bSIUae/LcHo6Jhv9cDDCsqXOqgVLF+aa+L/ehOQzDCArQXQ8rVdoqIMXoHOHvpr9f1M+Qbt8yczx0GKm/YWsLMU+oLSRI++qgEaWcX5uehMdc1P3g6+jzg==
saeEEIHeBwglabHolhDsbCBQz2tr38Npw9/ypJ/jv30fbP7wCZMQHfYPetLtErd/9Ia4wdDtCCp7byUIkPn4AG8AOf/cXluaj3c5ZkwNVCZfMnCK9bqI5M2J5gilG8T4HRloJPIJNSJgDcSSqF3fqalbf5Z3Q97kYQf5fI3HUN9/epmyEBBFYu4PRF/+hayjyw==
2dc9vCOFsTdq0VUOkLeDNt/4242Yog+Y1FQMv6lj2N23iAxpRuYQl1yK2XQIqlWWztwMnG7/Kgzq1eHZG4knfaMY
Vk6f66f4JzsiwSrvfDlN+0f6bkiAt39KIGIqGepNuV9cENtfX2IUIoKFp6Gguhym/xbRRAiuMOnBFdc4PjwdMd66iNo6XecpERULDzn3znoxykWz684umd6m1aYSIid+QrSnrfQApw+u2PfNKmygrd+y6olWOkqJlenjj52+ZUfU9IsjqzTPE71+Fe4bOoK0LzIky5Z3nJGmo8E=
Umn2uCOG6NL6y7qMoh7TXTBVdO/bNBdJYQ5K2rpOhYgf2iRrJKf/uEWfT/JKSHorYso2r+hGnZjtztq/SZEsmJC+neUNI/XgVG7AMbQ1gjx4Xbdnmj+PA6Vgut5+KiONABGxnZfVGe1QtIZUw9t0ChIsCQyCE5+9ZjQkreZCQKn8HidjvEoZnQimf6U4lUPEiiMT0dYXr5aJom0CGqAZ3xzSiVyoguWvTuS8tM7X+tQqDTEx+2HXhaPg
RzAi50sz28u6jYwe1O++Ex5hpJUnE6jvXt87ajVlP4YeKiey9ikh7+/oJFluRv0NpHTbAzv037MMfmWOC/oSVP+yFKvmN6wxdqMR
HmwvswmeV6BOKN8l8y/UpzfV4vL36NM2V8nVOpp5U2epHx8aHX/Ntemwg0BOVRSlRuRRb28l1JRBTSVcOzqu3ahyWBdPYmB6teI6BHXfVcwx70Ke6xLlwnxI0cLaN2iPYm1Yoz8=
G2NM0AKkLXwkUbS+BcjqiPaEJ1eNrSoBhh6IHc/VDwesVF1eWt65kPkuSkoYFZvhkQm2gJ9cU/lIlmdcdNDki7mXkHk3LESdVtL4E/xOsUDY3t0zjvgE6L5LQsjK0Qlti31vWaM8
6aD7j17KqrJau9ITD+qzzxd+YCxRRiViWuLBrAkSMvb4qeNdYbXOPF9gK8W4qh9glOycN0kr6MW3kDwhpm6ALxxyyXwo4qUPTkR8VE73OnQqbXFRe0EXZaMA
dxuW0wCiPQo3SoTbcHXDWyppy9cvmVEZQ08tZlrmybgZBhoS2M3LiTHhBvgfpOOR6H63BDQINKPZv2BBNxS0tTb6KMu8FmGoeLZtyw6AtAAeIxIQColZRWtVH2GjBA==
wAVSiyXZ8Cme9i34YlU9swNa5PIeq3ADdE8tZlrmybgZBhoS2M3LiTHhBvgfpOOR6H63BDQINKPZv2BBNxS0tTb6KMu8FmGoeLZtyw6AtAAeIxIQColZRWtVH2GjBA==
IgXyWLUHkp7LrlMTKG2c8nM1mRjFp93noeDaZE02kZyGhEg/f/eJC6qevwaHPwDEy7LEWmB9AfUsh/dWcHt+oPQd7CSVlgCcge1uYpBuNtkuZjqbTVtzXxNnowY=
sdY8ssbNJ6RR+vP24FZTftQsSNTivwWzXo8+L0jIu2fTWLFwyb/4me6b51gJPNwGLuUUAQXgwr1HfCwJLdqt9snNBkgfNPJT/mWJjtF2gxKh1OEOe7r/0mWq/YaDa5R6kpyp/MLDv61mJAR9prLgGXxux9P8mnmNCLaf9fglIzQKk7OhFkePhomyTVLa0LlvnCLp7GjSBb9O9NxkjmcapKq9kcG7sfeVo/A=
8/hAYSIARVmFtBMOLJDSAx5hpJQnE6jvXt87ajVlP4YeKiey9ikh7+/oJFluRv0NpHTbAzv037MMfmWOC/oSVP+yFKvmN6wxdqMR
7QJrbn/lXBWrP6rnKbDFAtiGT4QH/AVmW4R3++sDCjPMkAYZ4TunGk2gEYnDoOMQ2l2WuDXhkvNqYdSU6u8G98KiIJjxMEfOCS8eFGbHmPjy/7a4ZNlkeCaLsRHWh45jeyW0fq6OMKCfTWJBOFQv3c74kN4/p1BG9UudfRUbV36dNXSoyAmQgCcw4Z80DuNal4dRRnSdnCaXokiqnUqQJHXZDmh9K4x4VekwhNpZzWJ4vWxy0M2XqWHLh/bf88YkGdfR3FW3ml+3SMFSeMD9IvZ/rH/GFeSjgw==
Ax59KLlLoYxQX1Cbs4FVFb01cE0qT0llR3KNbuBq16YbYs0J4nTcvFcpO7j/q9MQzt1T66vjtYyxKYVBlPWAkl0zYf7+siPV7aWHixusY+WaJQSd11RqS01LdhqJJWIdZ1NKfzUQVbija9Dc3mhT5neW576lxmUqM6eMdvJQ8XByb2fBZkjc0RY+uNUcYt8fTDbh4cjah9nI6bu4al/rrSZrV+oJ3pV+6tzho/yucSBY/h3Xj5hGyD6rAqjKcclNCx0v+aOc
Klok+4J67hp7jecRi8kaMWO4IuLNcZ2fj3zBcXqNKJirrekqqFZPOhUxjy9hx/zCQxL9q0KZBWckpYlqbomue8SLnb3Sl2y8qkbbiZDLa34ljXQx7kXWI4N1HJ42PrgjE7T64dAElwGaxHSTEIBKVedbuZ9AMqEGJ+U/E2V9OzWhm3v/nN6bmk/3eWYMjZQmn7IwirU6SOQNCaYI5ZsE+N2ZqCSyiXUioI0Ekujdn6lp27+WN8Oe5KGHOXzNRxLfP/hZstCQBWKuj4RfPgXso4s=
Ax59KLlLoYxQX1Cbs4FVFb01cE0qT0llR3KNbuBq16YbYs0J4nTcvFcpO7j/q9MQzt1T66vjtYyxKYVBlPWAkl0zYf7+siPV7aWHixusY+WaJQSd11RqS01LdhqJJWIdZ1NKfzUQVbija9Dc3mhT5neW576lxmUqM6eMdvJQ8XByb2fBZkjc0RY+uNUcYt8fTDbh4cjah9nI6bu4al/rrSZrV+oJ3pV+6tzho/yucSBY/h3Xj5hGyD6rAqjKcclNCx0v+aOc
Klok+4J67hp7jecRi8kaMWO4IuLNcZ2fj3zBcXqNKJirrekqqFZPOhUxjy9hx/zCQxL9q0KZBWckpYlqbomue8SLnb3Sl2y8qkbbiZDLa34ljXQx7kXWI4N1HJ42PrgjE7T64dAElwGaxHSTEIBKVedbuZ9AMqEGJ+U/E2V9OzWhm3v/nN6bmk/3eWYMjZQmn7IwirU6SOQNCaYI5ZsE+N2ZqCSyiXUioI0Ekujdn6lp27+WN8Oe5KGHOXzNRxLfP/hZstCQBWKuj4RfPgXso4s=
z5/6UIutRLpvGAC3OZuWjzT2+FW7pmre2fVRTaACL1wk9Ctjy7Qv0xh/daw7uqL0TzKEC7b3/NEGo2E=
zDxQT+ZkvKqsUZXyeC1qFYYgOMJxdxrhIlhu8h+NTGC9inBoGUWvRpoS5k2WqlqfJYfD68sLo2I=
ZixL8sG8HxTJMrwRZ5tk0zPWhDtMX0/JmR9yGleWIf9YeSi5vRKB7RsLXz7SBtc4DlvNjHX4eWGNKOXiPOPpdbmcGDpxRxKXU7IjBUqMPoH4zfwhQh13N5e3sOYqb8XpbNPrlERKcC1L3QteN6tiv6hb/VKMFeXB6qx5N1bzP+nGGXXyUYZrAWxKjlpH6E9MizhFhEE0W21QAEKChV5qFatn5uoYrx4UxAOMEAvRNCzNp2hY4wfg46eOGs1fw/5RWwzJvBHAojbdtSwc5a7gpPHR71riVtbhXl76Iz3jk+dj36O+
A0/OwJTef80cL7gupTObLKGW7p5HQQJuNSdchFRluZigtafz1wW2RIukhaRXS/EDDGx80ZGGhkp4nUafCoHUGnH+FNypqez5W7ua3CHKMop8bLbciPu8Lc44aazyQWruUmsTys/stsFUsyGBJvYsOsoN5fKgCWpwNdHY8I6bCmR4FVW/Ixe6huPWBZEF+z85yZXTH+GXJiq5ik3DA67W6SamLdbqQs8OSvQv/Rxgfx92WC/d8syI/Vfy4jn+GnI5LelbP6WezffcNAPzg5SXA+D/TfxD2upkp/IsO/6X5GHeo7k=
eGzxTjJa+5fTXUxLcZjgA5o4hbK1y72ImJiq1LlIZ5ihvEIyEeLdN86KLvIBLPfqNsroQNlwio2fV7yE+M50N2//+Kw4//+Li70LvncL4t9oe/Z3S3VlYapMeVeWU78Jhjl10hFm66GsKo66B0jPLEsYRaSBVNvNEOBC4kX+6vXrR+bKWE+etARjjPBLcbRMDYdoeCNnYEPnbhqtn2N+sRssyZxRICKWHdUs/KUOYMQx8u96IjZWQR6++kP9QxMHI/+jng==
2qAJRt2RqH8xIY5KFP13Lj0yKF+CEo71CFcZQd+q8mwyNevWMBJuaTljQq4Pp/u9WneTHuyeowNXhMzHwQwj0bW7a/VI0z77FwA1B8tb4W9CEvgMqgod4xtdz5N+6QRoA4gQaXj6WGsZ3t3EVOU+4+tE8LFg7iCkjmYygej0v0EyVOwz2LAyVR9r8T/YognGD5UH8y0to7U5y7Pf5O5z2idn4QZEfawmp0J46i2qIKTlOd4oLcuceEXJ4MSK+V3iCB2cMqDtZ6kR63c2r1M2pIl3ARwFl4lfpygRkiigbaJGHxy/9nXUo7M=
ucw2j2GW2+jQ/DYoAx8BgD0yKF+CEo71CFcZQd+q8mwyNevWMBJuaTljQq4Pp/u9WneTHuyeowNQhszHwQwj0bW7avVI0z77FwA1B8tb4W9CEvgMqgod4xtdz5N+6QRoA4gQaXj6WGsZ3t3EVOU+4+tE8LFg7iCkjmYygej0v0EyVOwz2LAyVR9r8T/YognGD5UH8y0to7U5y7Pf5O5z2idn4QZEfawmp0J46i2qIKTlOd4oLcuceEXJ4MSK+V3iCB2cMqDtZ6kR63c2r1M2pIl3ARwFl4lfpygRkiigbaJGHxy/9nXUo7M=
DRoxO1ehrWvu8W3v/r5Azz0yKF+CEo71CFcZQd+q8mwyNevWMBJuaTljQq4Pp/u9WneTHuyeowNXhMzHwQwj0bW7ZfVI0z77FwA1B8tb4W9CEvgMqgod4xtdz5N+6QRoA4gQaXj6WGsZ3t3EVOU+4+tE8LFg7iCkjmYygej0v0EyVOwz2LAyVR9r8T/YognGD5UH8y0to7U5y7Pf5O5z2idn4QZEfawmp0J46i2qIKTlOd4oLcuceEXJ4MSK+V3iCB2cMqDtZ6kR63c2r1M2pIl3ARwFl4lfpygRkiigbaJGHxy/9nXUo7M=
IPgPoGBx157ZlrjzByVzDT0yKF+CEo71CFcZQd+q8mwyNevWMBJuaTljQq4Pp/u9WneTHuyeowNQhszHwQwj0bW7ZPVI0z77FwA1B8tb4W9CEvgMqgod4xtdz5N+6QRoA4gQaXj6WGsZ3t3EVOU+4+tE8LFg7iCkjmYygej0v0EyVOwz2LAyVR9r8T/YognGD5UH8y0to7U5y7Pf5O5z2idn4QZEfawmp0J46i2qIKTlOd4oLcuceEXJ4MSK+V3iCB2cMqDtZ6kR63c2r1M2pIl3ARwFl4lfpygRkiigbaJGHxy/9nXUo7M=
s2Nh1h+l+jrrhylxgLh4Fz0yKF+CEo71CFcZQd+q8mwyNevWMBJuaTljQq4Pp/u9WneTHuyeowNXhMzHwQwj0bW7Z/VI0z77FwA1B8tb4W9CEvgMqgod4xtdz5N+6QRoA4gQaXj6WGsZ3t3EVOU+4+tE8LFg7iCkjmYygej0v0EyVOwz2LAyVR9r8T/YognGD5UH8y0to7U5y7Pf5O5z2idn4QZEfawmp0J46i2qIKTlOd4oLcuceEXJ4MSK+V3iCB2cMqDtZ6kR63c2r1M2pIl3ARwFl4lfpygRkiigbaJGHxy/9nXUo7M=
MgOaQO6+sYGini+T0yFbzj0yKF+CEo71CFcZQd+q8mwyNevWMBJuaTljQq4Pp/u9WneTHuyeowNQhszHwQwj0bW7ZvVI0z77FwA1B8tb4W9CEvgMqgod4xtdz5N+6QRoA4gQaXj6WGsZ3t3EVOU+4+tE8LFg7iCkjmYygej0v0EyVOwz2LAyVR9r8T/YognGD5UH8y0to7U5y7Pf5O5z2idn4QZEfawmp0J46i2qIKTlOd4oLcuceEXJ4MSK+V3iCB2cMqDtZ6kR63c2r1M2pIl3ARwFl4lfpygRkiigbaJGHxy/9nXUo7M=
x8flG5cUANeKLYOPwSu+iD0yKF+CEo71CFcZQd+q8mwyNevWMBJuaTljQq4Pp/u9WneTHuyeowNXhMzHwQwj0bW7YfVI0z77FwA1B8tb4W9CEvgMqgod4xtdz5N+6QRoA4gQaXj6WGsZ3t3EVOU+4+tE8LFg7iCkjmYygej0v0EyVOwz2LAyVR9r8T/YognGD5UH8y0to7U5y7Pf5O5z2idn4QZEfawmp0J46i2qIKTlOd4oLcuceEXJ4MSK+V3iCB2cMqDtZ6kR63c2r1M2pIl3ARwFl4lfpygRkiigbaJGHxy/9nXUo7M=
feeyO78iIJGpi8BOmlOUuD0yKF+CEo71CFcZQd+q8mwyNevWMBJuaTljQq4Pp/u9WneTHuyeowNQhszHwQwj0bW7YPVI0z77FwA1B8tb4W9CEvgMqgod4xtdz5N+6QRoA4gQaXj6WGsZ3t3EVOU+4+tE8LFg7iCkjmYygej0v0EyVOwz2LAyVR9r8T/YognGD5UH8y0to7U5y7Pf5O5z2idn4QZEfawmp0J46i2qIKTlOd4oLcuceEXJ4MSK+V3iCB2cMqDtZ6kR63c2r1M2pIl3ARwFl4lfpygRkiigbaJGHxy/9nXUo7M=
ny2lN8XYx912RSHHE2AXpj0yKF+CEo71CFcZQd+q8mwyNevWMBJuaTljQq4Pp/u9WneTHuyeowNXhMzHwQwj0bW7Y/VI0z77FwA1B8tb4W9CEvgMqgod4xtdz5N+6QRoA4gQaXj6WGsZ3t3EVOU+4+tE8LFg7iCkjmYygej0v0EyVOwz2LAyVR9r8T/YognGD5UH8y0to7U5y7Pf5O5z2idn4QZEfawmp0J46i2qIKTlOd4oLcuceEXJ4MSK+V3iCB2cMqDtZ6kR63c2r1M2pIl3ARwFl4lfpygRkiigbaJGHxy/9nXUo7M=
TuUKHZOWzvN+BaK3cxAREz0yKF+CEo71CFcZQd+q8mwyNevWMBJuaTljQq4Pp/u9WneTHuyeowNQhszHwQwj0bW7YvVI0z77FwA1B8tb4W9CEvgMqgod4xtdz5N+6QRoA4gQaXj6WGsZ3t3EVOU+4+tE8LFg7iCkjmYygej0v0EyVOwz2LAyVR9r8T/YognGD5UH8y0to7U5y7Pf5O5z2idn4QZEfawmp0J46i2qIKTlOd4oLcuceEXJ4MSK+V3iCB2cMqDtZ6kR63c2r1M2pIl3ARwFl4lfpygRkiigbaJGHxy/9nXUo7M=
iO3xxso92dg6blPZUAjNDj0yKF+CEo71CFcZQd+q8mwyNevWMBJuaTljQq4Pp/u9WneTHuyeowNXhMzHwQwj0bW7a/RI0z77FwA1B8tb4W9CEvgMqgod4xtdz5N+6QRoA4gQaXj6WGsZ3t3EVOU+4+tE8LFg7iCkjmYygej0v0EyVOwz2LAyVR9r8T/YognGD5UH8y0to7U5y7Pf5O5z2idn4QZEfawmp0J46i2qIKTlOd4oLcuceEXJ4MSK+V3iCB2cMqDtZ6kR63c2r1M2pIl3ARwFl4lfpygRkiigbaJGHxy/9nXUo7M=
e5GSOk0aBjSklbXgtAKzMD0yKF+CEo71CFcZQd+q8mwyNevWMBJuaTljQq4Pp/u9WneTHuyeowNQhszHwQwj0bW7avRI0z77FwA1B8tb4W9CEvgMqgod4xtdz5N+6QRoA4gQaXj6WGsZ3t3EVOU+4+tE8LFg7iCkjmYygej0v0EyVOwz2LAyVR9r8T/YognGD5UH8y0to7U5y7Pf5O5z2idn4QZEfawmp0J46i2qIKTlOd4oLcuceEXJ4MSK+V3iCB2cMqDtZ6kR63c2r1M2pIl3ARwFl4lfpygRkiigbaJGHxy/9nXUo7M=
FKI6Xr/+L38GbVD4T0kwkT0yKF+CEo71CFcZQd+q8mwyNevWMBJuaTljQq4Pp/u9WneTHuyeowNXhMzHwQwj0bW7ZfRI0z77FwA1B8tb4W9CEvgMqgod4xtdz5N+6QRoA4gQaXj6WGsZ3t3EVOU+4+tE8LFg7iCkjmYygej0v0EyVOwz2LAyVR9r8T/YognGD5UH8y0to7U5y7Pf5O5z2idn4QZEfawmp0J46i2qIKTlOd4oLcuceEXJ4MSK+V3iCB2cMqDtZ6kR63c2r1M2pIl3ARwFl4lfpygRkiigbaJGHxy/9nXUo7M=
hfjx09bvtECsRD8ApQvP6T0yKF+CEo71CFcZQd+q8mwyNevWMBJuaTljQq4Pp/u9WneTHuyeowNQhszHwQwj0bW7ZPRI0z77FwA1B8tb4W9CEvgMqgod4xtdz5N+6QRoA4gQaXj6WGsZ3t3EVOU+4+tE8LFg7iCkjmYygej0v0EyVOwz2LAyVR9r8T/YognGD5UH8y0to7U5y7Pf5O5z2idn4QZEfawmp0J46i2qIKTlOd4oLcuceEXJ4MSK+V3iCB2cMqDtZ6kR63c2r1M2pIl3ARwFl4lfpygRkiigbaJGHxy/9nXUo7M=
8sYVjexUjSjpXG8RH5iy5T0yKF+CEo71CFcZQd+q8mwyNevWMBJuaTljQq4Pp/u9WneTHuyeowNXhMzHwQwj0bW7Z/RI0z77FwA1B8tb4W9CEvgMqgod4xtdz5N+6QRoA4gQaXj6WGsZ3t3EVOU+4+tE8LFg7iCkjmYygej0v0EyVOwz2LAyVR9r8T/YognGD5UH8y0to7U5y7Pf5O5z2idn4QZEfawmp0J46i2qIKTlOd4oLcuceEXJ4MSK+V3iCB2cMqDtZ6kR63c2r1M2pIl3ARwFl4lfpygRkiigbaJGHxy/9nXUo7M=
4QcJuiYHsn6KhedWUqrM9D0yKF+CEo71CFcZQd+q8mwyNevWMBJuaTljQq4Pp/u9WneTHuyeowNQhszHwQwj0bW7ZvRI0z77FwA1B8tb4W9CEvgMqgod4xtdz5N+6QRoA4gQaXj6WGsZ3t3EVOU+4+tE8LFg7iCkjmYygej0v0EyVOwz2LAyVR9r8T/YognGD5UH8y0to7U5y7Pf5O5z2idn4QZEfawmp0J46i2qIKTlOd4oLcuceEXJ4MSK+V3iCB2cMqDtZ6kR63c2r1M2pIl3ARwFl4lfpygRkiigbaJGHxy/9nXUo7M=
Zvd0TQfLzkrP75i8YmxmMwyWxxoKVKZa9MzR/CUay//VUbhuCEVDd5ASGbjrQWOHrdav0fsRDeI1Jibsn1OnNrmA2KSmQ6Nq7ZIIUITkAGe/8zM40SzAYZvgPxRyNFVm21mq23aAXpEPHST+p1A3L6dvcD6a96WxXMvrjHQSELX7BcuGB7MC5xjDfco8TYXZ2nS57+ZrX7H2AXXqYd4LmdySToJ38C8UO6DFHPFsO3Vg2IJaNcYKTZt/5vIo936MdNtMyDvJVHR9P+jAU1+A+5dW2hXvW54JaxTJpCGYwq5tbezE1baA/EFKb8JSDrb5boY6+417879Tx6Om
lEYjIf8bV/PeTyPQlvgapj0yKF+CEo71CFcZQd+q8mwyNevWMBJuaTljQq4Pp/u9WneTHuyeowNQhszHwQwj0bW7YfRI0z77FwA1B8tb4W9CEvgMqgod4xtdz5N+6QRoA4gQaXj6WGsZ3t3EVOU+4+tE8LFg7iCkjmYygej0v0EyVOwz2LAyVR9r8T/YognGD5UH8y0to7U5y7Pf5O5z2idn4QZEfawmp0J46i2qIKTlOd4oLcuceEXJ4MSK+V3iCB2cMqDtZ6kR63c2r1M2pIl3ARwFl4lfpygRkiigbaJGHxy/9nXUo7M=
6yUIH8ZaVhkh1vmh4JjQVIaz72uldUfwtbBJ8foStx5ApPrEmjFPg88H3/DyLH65Y/MfM5DjojTYNrcs+v1HIbnfo+oUULxr2M8+HNl6YnD2wF3ZehmirmaLA2tEzGOO38U76cBc7rn9i3Dd655QLFj/h2NbBJNd+j3U9V24OFOt8waySU1S5cfLmlc1OIUgA5PgtB7AI16XjrdWJa61MlMffN6yuMEI0vc36WZgjEm2Rog9XMovpywuMYlIMtfBKFHLEKo321WG84fCCfZF5kok0cs8BgGYuOZNPA/wltBeE/IAipn5NauFf9GjtA==
h/8jQdcElh6wQ8h8Uq2EqQyWxxoKVKZa9MzR/CUay//VUbhuCEVDd5ASGbjrQWOHrdav0fsRDeI1Jibsn1OnNrmA2KSmQ6Nq7ZIIUITiAWG49Dw12CfAYZvgPxRyNFVm21mq23aAXpEPHST+p1A3L6dvcD6a96WxXMvrjHQSELX7BcuGB7MC5xjDfco8TYXZ2nS57+ZrX7H2AXXqYd4LmdySToJ38C8UO6DFHPFsO3Vg2IJaNcYKTZt/5vIo936MdNtMyDvJVHR9P+jAU1+A+5dW2hXvW54JaxTJpCGYwq5tbezE1baA/EFKb8JSDrb5boY6+417879Tx6Om
6yUIH8ZaVhkh1vmh4JjQVIaz72uldUfwtbBJ8foStx5ApPrEmjFPg88H3/DyLH65Y/MfM5DjojTYNrcs+v1HIbnfo+oUULxr2M8+HNl6YnD2wF3ZehmirmaLA2tEzGOO38U76cBc7rn9i3Dd655QLFj/h2NbBJNd+j3U9V24OFOt8waySU1S5cfLmlc1OIUgA5PgtB7AI16XjrdWJa61MlMffN6yuMEI0vc36WZgjEm2Rog9XMovpywuMYlIMtfBKFHLEKo321WG84fCCfZF5kok0cs8BgGYuOZNPA/wltBeE/IAipn5NauFf9GjtA==
E8iDkV7UgvyWfH3KK3Pf0AyWxxoKVKZa9MzR/CUay//VUbhuCEVDd5ASGbjrQWOHrdav0fsRDeI1Jibsn1OnNrmA2KSmQ6Nq7ZIIUITqCWC/9zEz2SLAYZvgPxRyNFVm21mq23aAXpEPHST+p1A3L6dvcD6a96WxXMvrjHQSELX7BcuGB7MC5xjDfco8TYXZ2nS57+ZrX7H2AXXqYd4LmdySToJ38C8UO6DFHPFsO3Vg2IJaNcYKTZt/5vIo936MdNtMyDvJVHR9P+jAU1+A+5dW2hXvW54JaxTJpCGYwq5tbezE1baA/EFKb8JSDrb5boY6+417879Tx6Om
6yUIH8ZaVhkh1vmh4JjQVIaz72uldUfwtbBJ8foStx5ApPrEmjFPg88H3/DyLH65Y/MfM5DjojTYNrcs+v1HIbnfo+oUULxr2M8+HNl6YnD2wF3ZehmirmaLA2tEzGOO38U76cBc7rn9i3Dd655QLFj/h2NbBJNd+j3U9V24OFOt8waySU1S5cfLmlc1OIUgA5PgtB7AI16XjrdWJa61MlMffN6yuMEI0vc36WZgjEm2Rog9XMovpywuMYlIMtfBKFHLEKo321WG84fCCfZF5kok0cs8BgGYuOZNPA/wltBeE/IAipn5NauFf9GjtA==
4vszljxTt7DM5UzRXCOc2LmtB+D0ALkbPizSHiD30f0QvVh+OG8k1wpKi9Vo50YoGXYpJ8CaLe3l8rGOHfx4t/G36vYb9t1ZJ72BRSjmnEIR2ux/jWTCOUGfcxxRKQ2xwDJ0wD3qAp2MtAlZpbu0Peb4gRx6ITLeSmsL+peMPnG8cwmRLpYU6jKNXaLYKWJg3RFwgAY70pRgFU3Pe7cydkuWbYEN28fpcRWrT9l3LjqRyiVzi04O2T6mNeYyoke+IrQH7RSAR08O2JcNCuyA7T+ySsl2uipJNelDz30+RYd09Ovji7TvU1t/tSx7uuJ0jzLEi3b3vFHGo6E=
6yUIH8ZaVhkh1vmh4JjQVIaz72uldUfwtbBJ8foStx5ApPrEmjFPg88H3/DyLH65Y/MfM5DjojTYNrcs+v1HIbnfo+oUULxr2M8+HNl6YnD2wF3ZehmirmaLA2tEzGOO38U76cBc7rn9i3Dd655QLFj/h2NbBJNd+j3U9V24OFOt8waySU1S5cfLmlc1OIUgA5PgtB7AI16XjrdWJa61MlMffN6yuMEI0vc36WZgjEm2Rog9XMovpywuMYlIMtfBKFHLEKo321WG84fCCfZF5kok0cs8BgGYuOZNPA/wltBeE/IAipn5NauFf9GjtA==
vvB6iqehpU0b5d2fdOb1g0Ecy90/bS2acsn2+AjY+SoAK+MJt9I2b1fnJi3ppVotld240IKtGV29eXV8claXZq93WBFbWYlruTdA3v4hU7XO6KloWLdfvAT1h1+10Jfx2332AkLsa7Jk8erUbzXDo6IR0Mi3EGw5NNJMaw32kZQofYpDP704jnKGVO07zr5xNEzrIUZM0OMUWKbViwO9b+S6/SbbLVuDoYUXdc0jv++4lid6k/8d1ohVuCazarQ60TKUBLFBghghI2i48WFstNZBiQL8BaBi7IXzKYUDu+aTS0LE3c/d7Ik/PR/TQB2i9Fi5AvKHYO+6XcCjpw==
6yUIH8ZaVhkh1vmh4JjQVIaz72uldUfwtbBJ8foStx5ApPrEmjFPg88H3/DyLH65Y/MfM5DjojTYNrcs+v1HIbnfo+oUULxr2M8+HNl6YnD2wF3ZehmirmaLA2tEzGOO38U76cBc7rn9i3Dd655QLFj/h2NbBJNd+j3U9V24OFOt8waySU1S5cfLmlc1OIUgA5PgtB7AI16XjrdWJa61MlMffN6yuMEI0vc36WZgjEm2Rog9XMovpywuMYlIMtfBKFHLEKo321WG84fCCfZF5kok0cs8BgGYuOZNPA/wltBeE/IAipn5NauFf9GjtA==
S6xWpWytbbvgd6bLVTkJxbmtB+D0ALkbPizSHiD30f0QvVh+OG8k1wpKi9Vo50YoGXYpJ8CaLe3l8rGOHfx4t/G36vYb9t1ZJ72BRSjsnEQQ3u18jWTCOUGfcxxRKQ2xwDJ0wD3qAp2MtAlZpbu0Peb4gRx6ITLeSmsL+peMPnG8cwmRLpYU6jKNXaLYKWJg3RFwgAY70pRgFU3Pe7cydkuWbYEN28fpcRWrT9l3LjqRyiVzi04O2T6mNeYyoke+IrQH7RSAR08O2JcNCuyA7T+ySsl2uipJNelDz30+RYd09Ovji7TvU1t/tSx7uuJ0jzLEi3b3vFHGo6E=
6yUIH8ZaVhkh1vmh4JjQVIaz72uldUfwtbBJ8foStx5ApPrEmjFPg88H3/DyLH65Y/MfM5DjojTYNrcs+v1HIbnfo+oUULxr2M8+HNl6YnD2wF3ZehmirmaLA2tEzGOO38U76cBc7rn9i3Dd655QLFj/h2NbBJNd+j3U9V24OFOt8waySU1S5cfLmlc1OIUgA5PgtB7AI16XjrdWJa61MlMffN6yuMEI0vc36WZgjEm2Rog9XMovpywuMYlIMtfBKFHLEKo321WG84fCCfZF5kok0cs8BgGYuOZNPA/wltBeE/IAipn5NauFf9GjtA==
7UZqaz5zbROqM4tD2m8feUEcy90/bS2acsn2+AjY+SoAK+MJt9I2b1fnJi3ppVotld240IKtGV29eXV8claXZq93WBFbWYlruTdA3v4vUr/K7a1tWbZfvAT1h1+10Jfx2332AkLsa7Jk8erUbzXDo6IR0Mi3EGw5NNJMaw32kZQofYpDP704jnKGVO07zr5xNEzrIUZM0OMUWKbViwO9b+S6/SbbLVuDoYUXdc0jv++4lid6k/8d1ohVuCazarQ60TKUBLFBghghI2i48WFstNZBiQL8BaBi7IXzKYUDu+aTS0LE3c/d7Ik/PR/TQB2i9Fi5AvKHYO+6XcCjpw==
6yUIH8ZaVhkh1vmh4JjQVIaz72uldUfwtbBJ8foStx5ApPrEmjFPg88H3/DyLH65Y/MfM5DjojTYNrcs+v1HIbnfo+oUULxr2M8+HNl6YnD2wF3ZehmirmaLA2tEzGOO38U76cBc7rn9i3Dd655QLFj/h2NbBJNd+j3U9V24OFOt8waySU1S5cfLmlc1OIUgA5PgtB7AI16XjrdWJa61MlMffN6yuMEI0vc36WZgjEm2Rog9XMovpywuMYlIMtfBKFHLEKo321WG84fCCfZF5kok0cs8BgGYuOZNPA/wltBeE/IAipn5NauFf9GjtA==
0t7O7YhvSVXNqVLeSnXlPEEcy90/bS2acsn2+AjY+SoAK+MJt9I2b1fnJi3ppVotld240IKtGV29eXV8claXZq93WBFbWYlruTdA3v4uWbjJ7axqULBfvAT1h1+10Jfx2332AkLsa7Jk8erUbzXDo6IR0Mi3EGw5NNJMaw32kZQofYpDP704jnKGVO07zr5xNEzrIUZM0OMUWKbViwO9b+S6/SbbLVuDoYUXdc0jv++4lid6k/8d1ohVuCazarQ60TKUBLFBghghI2i48WFstNZBiQL8BaBi7IXzKYUDu+aTS0LE3c/d7Ik/PR/TQB2i9Fi5AvKHYO+6XcCjpw==
6yUIH8ZaVhkh1vmh4JjQVIaz72uldUfwtbBJ8foStx5ApPrEmjFPg88H3/DyLH65Y/MfM5DjojTYNrcs+v1HIbnfo+oUULxr2M8+HNl6YnD2wF3ZehmirmaLA2tEzGOO38U76cBc7rn9i3Dd655QLFj/h2NbBJNd+j3U9V24OFOt8waySU1S5cfLmlc1OIUgA5PgtB7AI16XjrdWJa61MlMffN6yuMEI0vc36WZgjEm2Rog9XMovpywuMYlIMtfBKFHLEKo321WG84fCCfZF5kok0cs8BgGYuOZNPA/wltBeE/IAipn5NauFf9GjtA==
6yUIH8ZaVhkh1vmh4JjQVIaz72uldUfwtbBJ8foStx5ApPrEmjFPg88H3/DyLH65Y/MfM5DjojTYNrcs+v1HIbnfo+oUULxr2M8+HNl6YnD2wF3ZehmirmaLA2tEzGOO38U76cBc7rn9i3Dd655QLFj/h2NbBJNd+j3U9V24OFOt8waySU1S5cfLmlc1OIUgA5PgtB7AI16XjrdWJa61MlMffN6yuMEI0vc36WZgjEm2Rog9XMovpywuMYlIMtfBKFHLEKo321WG84fCCfZF5kok0cs8BgGYuOZNPA/wltBeE/IAipn5NauFf9GjtA==
3ds7HNX+vbazPozHJYglRKo9pxtdZBzaIg90gEflI7jR2HMl0b42Hyg7kboBjSbb/QpHNz2uU1e3GNkPk/8zmgUR3KshBgeLebyhWATPLRQ5Uy5I4aTdGRQWbOJlo4gSpsA/yh5fKX9HNDV50nG34WdjPNslkVKzDa7Vrg55rVRKFpHOQiVEVvGgDs4O9PSNswhJztKrh93Ut5XyAMB3e6q9r78BOvSiBCfF7pobHgcpt9CTqQw3+02joIMK6WN9FWrHwC4CAkG9M7MjZxnk5f1LNs1JHBorbSnBG6nRjWF7vMthQPdrqLwFc9ILcjJ7FOxbA98axFRih7siezA6kZcv5Z9/Ckq9/4c81Bj+NMfPr/j8mA+/u2vti24WLy2xyKv0qOgFpVHKnPkHdmP/+SZpdYKxlquRTHoOamd4D1zryEV0ISQb/XAwwrKlzqoFSxfmmvi/3oTkMwwgK0F0PK1XaKiDF6Bzh76a/X9TPkG7fMnM8dBipv2FrCzFPqC0kSPvqoJGlnF+bnoTHXNT94Ovo84=
7TC6hI2O/5F5bu4R9HnkmNUcXHu9c9Xeid9IU/O6eu9DSBMTIMQ5qu2/h/NlkqPeNBCcw3u+gxy2aW6/FJ0OiNVt2Tgex4I37zvsG4FJszqeeSvzlm4Lpx0RzqZ7NFmLQix9PHXPWajWtfjFqb3yTMBDfs0GnHjDSP7EX2MtdUA46Zuww8G9FAy4cdPdJuXw5eDyuQ1JzdTSi8ommo2JLuGTVPDIn2z386jlRvoNJcRqqtjDErDwD5XbTN8uGBiEaOfyr/9Xc7hrvqZfjttI2cgwWrcO9g6PJVZ8X8QZIMewqY5hibtydv53r74Ye9kVQ0ZkPgl7ILlD6KOwysN5tfH+3u16NWypozYaXXqUf2ZvoDhFKnh/HvYzLBlAE5W4jkkeEl5E+55MeZYIwbFMqJLLpkxMlWGXj8emXnc2cWl5C1PR3VVHN80nmhINKlmbn/46gdKm2b4GElNWXlSbxaDQUzfimDs1njz0BSMSduHiyt4RGWlvFwnO0a9IVPeLf+R7a/a/2dRvalZcE1I442JHiImqo80=
0IulcMMG9sWe54K/TEiAuLwgN/6gRZQ2YTMHwCq0/gwTB/HhNaaGX/5zIzL8IPTzhR009C2e1oyWpkDEvLUUI4IEFr/FBE13w59e1Hn6MyM2y0ute3wLB/du2+KXHZ328XYI/UXSzemu9h1mpS8QPBysiTEAtHIaX9QCvXEp476lFx6Dn+dTmXylmRPqxUlE5aAiq2Uy3owxkB4HXECVat5ggkYcy8cySfCu6X9rUB1lPGzSf13+508hnVgsdCAt1QDWabaBnc0QbZUODw2JyRANprsrmwFw5x7yoJrXWXnjDWsrjCMJ8bZztd5iHWkDsVVFQwXHr2arf1wVM/4Yj+O8x4AafSAWG31jmHwiJm2LLFfi8vcDtUXBIyhSq5tN7HqUTNyBu5X4wuRNRw3vR3ugej0ll5zxFDZ0Z32H7pbp6ToRV3+SE7V8jZSTZ4gQvuTLKke6/9Jlqv2Gg2uUepKcqfzCw7+tZiQEfaay4Bl8bsfT/Jp5jQi2n/X4JSM0CpOzoRZHj4aJsk1S2tC5b5wi6exo0gW5T/TeZI5nGqSqvZHBu7H3laPw
rn1ikZ6MHT4W+NoCxiqd02CPrIiMeOSv8IZFxkpeJXJ2h4eWf7qOW8hko/NNYe7ZKAwtomJVQRH9Az4kdF2wqvj7po6YIZgjw2b49hUdX+1InhIhGqcRvdSH3wmtI8jTTSk/sjoJbwuqbjdfWWFqLvdUlUNmPHkkKY+FMFIlHA3lnf5EpHO6dXochHsMziBXbw25CFx5HyifAWEMCKhVm5HGaXhBEDbBMUnxrBZ7bq4WbcVmxYNQ6BRfMG93OIEONi0pzI6anHvuMIy3Ueso1yI4VEyMd3Y3IxcvoG+ugpdCu8RRbEAeTzL2MndhJtjXSHnsD5S5innV+67ueudLdlRb1R0ndqCGdfvcAQfYR7jG47X9lW5adSb1sLGnJj4VNnTz7stQ/D0WeENmMsOIkczz2fCqWRoKgoSnBsjp8kANkUCgdvvi9LAVHS9L98JWexY9oZ2b10kBFRsvyTe+2sFK1RM7jn557qblRkJi997SNFcNhMBXL77Y560arBDNbzJ66Yb6Gqll6ZOvTf41p0R0O8MbdP/zqn8FzGt6chRfsrRrxrdM8Zaj8Q==
1fdJyEXqY8j527vhrKUzb48Ljcr8eP8XFVNkkMx6Ru94OvWdmJLh/RAKQk6ZxTEXKFD9IyDejL2gXrzT2sk16X6NN3PKyJfgeTL3UlvenGz82z1oMVcuRPnQ7QX8MgyOXXdYLu6E/wbG61kj79CV1arlJx3v57xXvWXiL2UKNUK2Lf3ogtLRghoRtIrZxC7i9uDk8bsMScLK37fBPJP1njgUp0fi+W9z2Y6E/qzDZULij477oTNQHzH4h2clB0Bvsr0zwd2uh4x2NvKdlVeTD58N9Jn1TzbBUWgqN4UNoXeRBV1dM/gLrZhDG/QU4dN+c+aih5xo249H7nTICiNbzsNkai1f66XTJz66YdfjHPjg6iS7x6v48IB7j6eDyesCLvv9jYDvNGQwsdUNYnhZqw73bwWu7fUOKWIbDSTe7obfLF/gIwwFOHkQ6yFYVOKeXdq6eUMT5pbgy+6YDBdsTBOVpADlE6hkW6PQLy9aOlEHx669M/hJQGkk0jqVIUzAfWrwCFnnr+bacmatVgpaP+VnQ4uLq6PC
gkT+Fx955ED0ceDqbUoflg+ewy7QctQXm2e4PG6j4S089FFSWkiV6tFhsyP8LnGgWH4dU4sYQEk+KwIoyvHJzQudL3mjHA==
v4ep/VAe9SH9zb5/pSiR+009y4BfsXEuGi5DFjGezuFAVXmBjHjJ3trEDXVuyTHPnMIpDOgyxR9LVJgFDgdaxKod0eE7kTd1oxA=
O1MH9oAkz2Cww/utzlUVdw6ewy7QctQXm2e4PG6j4S089FFSWkiV6tFhsyP8LnGgWH4dUYoYQEk+KwIoyvHJzQudL3mjHA==
2eyu+p3QBk+ty92DwUypAk09y4BfsXEuGi5DFjGfzuFAVXmBjHjJ3trEDXVuyTHPnMIpDOgyxR1KVJgFDgdaxKod0eE7kTd1oxA=
nzcKORx3bWhSSNpvm/5nVw2ewy7QctQXm2e4PG6j4S089FFSWkiV6tFhsyP8LnGgWH4dWooYQEk+KwIoyvHJzQudL3mjHA==
UtIkVms7XtIH9ZXTY2SmxE09y4BfsXEuGi5DFjGczuFAVXmBjHjJ3trEDXVuyTHPnMIpDOgyxRZKVJgFDgdaxKod0eE7kTd1oxA=
FkqzrFZZfaX+BaE9FrmajQyewy7QctQXm2e4PG6j4S089FFSWkiV6tFhsyP8LnGgWH4dVYkYQEk+KwIoyvHJzQudL3mjHA==
Bv99g6LI4iYz7dEXXcqh7U09y4BfsXEuGi5DFjGdzuFAVXmBjHjJ3trEDXVuyTHPnMIpDOgyxRlJVJgFDgdaxKod0eE7kTd1oxA=
RebOrZJ+iCsrm2W2pSqz5Auewy7QctQXm2e4PG6j4S089FFSWkiV6tFhsyP8LnGgWH4dUogYQEk+KwIoyvHJzQudL3mjHA==
M0AO0QPUQwNDhO+gFzt7EE09y4BfsXEuGi5DFjGazuFAVXmBjHjJ3trEDXVuyTHPnMIpDOgyxR5IVJgFDgdaxKod0eE7kTd1oxA=
oVCuPfEqEwamxrJ1NLFSisZXpfVrSI23DVYHlyCKI+3Sn7S0ikNy7JQXEya6Hj0R0Tdj7caPezzJX/eSufxp4eKEBgDVMYDvm+daIyi0VBqxMPrUvX0d8v4fjfl5EiCPHTU84aZv8zKVgs7Yc5UmLMZGebm7ClDb4C/qQJNYDS+o9nf6Y99tlhi1iCaDiiR6oRJkhOEhktiRQzi4IcEc9MZh2YJM5ZAifCUDKfWjKyajK/JEDe/NLHmfbBoDpazi5LhpgoKnkC8qPfCjlw==
O1PQB2imTUZBbrw38L9u5NXiR7F9c2m0NQD1eaV9kXxAADjHb61HhzRs3hvRbCwFcNqOyhfec5lGVLf70JSetZ7D1Jx0EOcliueR41gjKrBeErskyMTPaTfaFHuv2Vv2Sqc3Yc6xlLu5+t/GDJix0WzkjJLL6Ule+nOKy0jgMTznhwJiBWrRS+cekjEKpgEOrvIrhtYUk7U4cHsnmhiDJXZcbDUr0v4x2uo2YcFpN+dh7un/wBT/u+cEE3tOOiHBRsrOrBuSsLOaJyA58qOV
lIVzGF2hGkb4rTVDPp2zA7cQFzSvtOLUXVP3jr/B3Y0r+moOJiIxi0k79XKGCKKebGCY+jzCLYWhMJAMGCgn9FZqAo+Ibq8FaxRl26OrMtmWNqpDTDbziEZh7RxJyoTdE6qfVQk90VZWeiBvOBBzi4AhPKABEOQlD199GxBA7lDT/zy+spiBqFJXd8lmQMzpNubIHVyqb0esTnFpSFIXIagxC/CqFxv1BlNH4gnWhUbKhBHrPObB+DgGjV0KENOx3vOyYIq5uZUrJT/xo5Q=
puZNPEJ0EH4bYGZEJEfovbcQFzSvtOLUXVP3jr/B3Y0r+moOJiIxjUk79XKACKKebGCY+jzCLYWhMJAMND8n/UpkFY+Ibq8FaxRl26OrMtmWNqpDTDbziEZh7RxJyoTdE6qfVQk90VZWeiBvOBBzi4AhPKABEOQlD199GxBA7lDT/zy+spiBqFJXd8lmQMzpNubIHVyqb0esTnFpSFIXIagxC/CqFxv1BlNH4gnWhUbKhBHrPObB+DgGjV0KENOx3vOyYIq5uZUrJT/xo5Q=
SpP4ILd6f1w5UH0kbpftF5OZRPTJsK8yXGGnflNmzC2IcrOAl/UJ+mBRyH1/IdbdihtTNXmBSo8GNZ1OYiMlAzskRFcU/Zhgow9jEmHZo7UOw+4gnlG8WN+iLofJPqm0WOdLXMtn2XMdHB68ZK34To/ROPdIcrG+CE+n+Rn5sP5yKktJqEwiFg0i2tHzS+becHPOcHyPLETD7UQo1csorEubcEffQvrZVz/OFYOgSQj5nPLS5bkMyK0SECBpPyouz0vGxaYSmre1nyMjO/Ojig==
L/r/gxbOBZ1cMVJ7HnRG7LcQFzSvtOLUXVP3jr/B3Y0r+moOJiIxjUk79XKACKKebGCY+jzCLYWhMJAMGCgn6ktrCI+Ibq8FaxRl26OrMtmWNqpDTDbziEZh7RxJyoTdE6qfVQk90VZWeiBvOBBzi4AhPKABEOQlD199GxBA7lDT/zy+spiBqFJXd8lmQMzpNubIHVyqb0esTnFpSFIXIagxC/CqFxv1BlNH4gnWhUbKhBHrPObB+DgGjV0KENOx3vOyYIq5uZUrJT/xo5Q=
bN1p6ieXAprc+6D732IrJ5OZRPTJsK8yXGGnflNmzC2IcrOAl/UJ/GBRyH15IdbdihtTNXmBSo8GNZ1OcyUnFj8wRFcU/Zhgow9jEmHZo7UOw+4gnlG8WN+iLofJPqm0WOdLXMtn2XMdHB68ZK34To/ROPdIcrG+CE+n+Rn5sP5yKktJqEwiFg0i2tHzS+becHPOcHyPLETD7UQo1csorEubcEffQvrZVz/OFYOgSQj5nPLS5bkMyK0SECBpPyouz0vGxaYSmre1nyMjO/Ojig==
0XJLPnR/nbjJj1cU+TOSdcZXpfVrSI23DVYHlyCKI+3Sn7S0ikNy6oVPSzasFWlO1jR2xIDsPH7eB+DSvc5u9/eZBgDVMYDvm+daIyi0VBqxMPrUvX0d8v4fjfl5EiCPHTU84aZv8zKVgs7Yc5UmLMZGebm7ClDb4C/qQJNYDS+o9nf6Y99tlhi1iCaDiiR6oRJkhOEhktiRQzi4IcEc9MZh2YJM5ZAifCUDKfWjKyajK/JEDe/NLHmfbBoDpazi5LhpgoKnkC8qPfCjlw==
cWWEU8fevChFr9iux+ixkcZXpfVrSI23DVYHlyCKI+3Sn7S0ikNy6oVPSzasFWlO1jR2xIDsPH7eB+DStN1k6vebBgDVMYDvm+daIyi0VBqxMPrUvX0d8v4fjfl5EiCPHTU84aZv8zKVgs7Yc5UmLMZGebm7ClDb4C/qQJNYDS+o9nf6Y99tlhi1iCaDiiR6oRJkhOEhktiRQzi4IcEc9MZh2YJM5ZAifCUDKfWjKyajK/JEDe/NLHmfbBoDpazi5LhpgoKnkC8qPfCjlw==
l2wyeY41i4ZSNDBEV/rU0crmgzagdknn82RFyFPR0nlDamTtXZXa8OENv3+2lUppGbO3/vFDXMH8JAsx8VlIv2576GGunT6zWPCLDZ6XhdtEIzaISmKvDKQk40HDiiCj0xnnrr73g4miETjTLUpLPpAYLan4VBh6Z0mlNk6j/hP0oM1k01d2SikKPWPz7oYJFqYdNroCP646dL+dTKBPf2ZYP/0CjNhdx3JS2U5aohld6asf9V59l2y0k1NTVOcj8vpdGXKaOoQ3ctybjlc0Ae6jiQ==
t6HEt3EJa5SADGJy2Ogi+sns/Ehaj+B4MwOLelOD/txilBPEHU8d7Mm/8hmTxdyitNh5ArIHoO/63QCjZw==
htWrQUij16T/HC7qUn5iU8/s/Ehaj+B4MwOLelOD/txilBPEHU8d7Mm/+hiTxdyitNh5ArIHoO/63QCjZw==
DakKcXphJl8rz+ZDckRcg8zs/Ehaj+B4MwOLelOD/txilBPEHU8d7Mm//RiTxdyitNh5ArIHoO/63QCjZw==
3vPBUO486e75whORdLR6vc7s/Ehaj+B4MwOLelOD/txilBPEHU8d7Mm/+x+TxdyitNh5ArIHoO/63QCjZw==
HLoSSMiIZt5wr8vOEYmzE83s/Ehaj+B4MwOLelOD/txilBPEHU8d7Mm/+B+TxdyitNh5ArIHoO/63QCjZw==
iuA4rhk6h/c4kFNlAgj3KY09dukKSLoS3Bo5BMj6daDO7CtNLg9KnGpFQWnb2ccNo2g=
VcOHY9OOxKGXGFXRMH6a9Vqx+kifPJNZyHKlMnTwpCs591BZNwyE/dZyuDP8LnGgWH4dVI4YQ0k+KwIoyvHJzQudL3mjHA==
dlF2I/79sQvNi45UY2WKezBVdO/bNBdJYQ5K2rpOhYgf2iRrJKf/uEWfT/JKSHorYso2r+hGnZjtztq/SZEsmJC+neUNI/XgVG7AMbQ1gjx4Xbdnmj+PA6Vgut5+KiONABGxnZfVGe1QtIZUw9t0ChIsCQyCE5+9ZjQkreZCQKn8HidjvEoZnQimf6U4lUPEiiMT0dYXr5aJom0CGqAZ3xzSiVyoguWoTuS7tc7X+tQqDTEx+2HXhaPg
KySoAak8qUJ5lfls7NdFt1qx+kifPJNZyHanPHTwpCs591BZNwyE/dZyuDP8LnGgWH4dVI4YQ0k+KwIoyvHJzQudL3mjHA==
HLxLg+mhH5+Oe9hCzhWg0kf6bkiAt39KIGIqGepNuV9cENtfX2IUIoKFp6Gguhym/xbRRAiuMOnBFdc4PjwdMd66iNo6XecpERULDzn3znoxykWz684umd6m1aYSIid+QrSnrfQApw+u2PfNKmygrd+y6olWOkqJlenjj52+ZUfU9IsjqzTPE7t+FekaOoK0LzIky5Z3nJGmo8E=
iiBVE0qMwMCLvneTLET5d9G70I+EsA6KxURPr7Y22JWNzRY5SvgaglyK2XQIqlWQztwLnW7/Kgzq1eHZG4knfaMY
TBff5akZD7QbqsfMrmCAcikFhbdm5hhiED4MWyvL4NAOT3mBjHjJ3trEDWZhzSvPnMIpDOgyxRdLVJoFDgdaxKod0eE7kTd1oxA=
+8/9YWaZm70kITnapgEaIpwFinpShUtEvq4hDSOE/4nRUkElUpK3nMVBh6C58gJnOILtBiBPQPjTQ6t6c0OPXc7Z4sQ9j71sqX/SG3OEfCLUGBkCkkdAb1odYKMH
XjusrhaOkyZDG25Sc9MMjut/NMAPI4yNkm2Qz+2dheJm+TW80JiFfIRwC7/5FPipOCEFGhdAOx8d3//I3qXIohCVfCbhQpjYEvCEiMLf2Jibk0N6GxNUslJTmoTlf4UM4c86m9v0NAIsKEFCKtfYzxJNSKMv
SF2IsZbsxypP40LlI6XY6m3JlV9kWsqqijUMB8odVLff4rRwxW+qGgBtqelsUPnG2tw9XY6h4ffcOnmkSFo1j8vM6u2ur4q8aiWBCVu5B22jCA==
yL/gz367496EFK/Dhpup6CgFhbdm5hhiED4MWyvL4NAOT3mBjHjJ3trEDWZhzSvPnMIpDOgyxRpKVJoFDgdaxKod0eE7kTd1oxA=
i68/glLj9WqA6/OwPBTQPW3JlV9kWsqqijUMB8odVLff47RwxW+qGgBtqelsUPnG2tw9XY6h4ffcOnmkSFo1gsrM6u2ur4q8aiWBCVu5B22jCA==
uZV4r+rK8cbemTHzv39o9CsFhbdm5hhiED4MWyvL4NAOT3mBjHjJ3trEDWZhzSvPnMIpDOgyxRZKVJoFDgdaxKod0eE7kTd1oxA=
vnJLWfHFYFIhs/pBn8IRTG3JlV9kWsqqijUMB8odVLff4LRwxW+qGgBtqelsUPnG2tw9XY6h4ffcOnmkSFo1jsrM6u2ur4q8aiWBCVu5B22jCA==
HcJfUr4R6kFAFLEiXHZ80SoFhbdm5hhiED4MWyvL4NAOT3mBjHjJ3trEDWZhzSvPnMIpDOgyxRhJVJoFDgdaxKod0eE7kTd1oxA=
FgsWCWgL1NN4CILthhZWim3JlV9kWsqqijUMB8odVLff4bRwxW+qGgBtqelsUPnG2tw9XY6h4ffcOnmkSFo1gMnM6u2ur4q8aiWBCVu5B22jCA==
JM0JhzXXMH6LPxKYksJeQS0Fhbdm5hhiED4MWyvL4NAOT3mBjHjJ3trEDWZhzSvPnMIpDOgyxRtPVJoFDgdaxKod0eE7kTd1oxA=
mXD+vNx7Yd1omwHC+iqgg23JlV9kWsqqijUMB8odVLff5rRwxW+qGgBtqelsUPnG2tw9XY6h4ffcOnmkSFo1g8/M6u2ur4q8aiWBCVu5B22jCA==
gpGCG2pP7igziJ8/7MPkBA+ewy7QctQXm2e4PG6j4S089FFSWkiV6tFhsyP8LnGgWH4dV48YRUk+KwIoyvHJzQudL3mjHA==
BCP8KpZw6+4DeVYMbzYHok09y4BfsXEuGi5DFjGezuFAVXmBjHjJ3trEDXVuyTHPnMIpDOgyxRtPVJ0FDgdaxKod0eE7kTd1oxA=
Ojhdqs1FaT4w4rlONPNQhw6ewy7QctQXm2e4PG6j4S089FFSWkiV6tFhsyP8LnGgWH4dUY4YRUk+KwIoyvHJzQudL3mjHA==
kdjplBWCr3tx3UxuXIY6FU09y4BfsXEuGi5DFjGfzuFAVXmBjHjJ3trEDXVuyTHPnMIpDOgyxR1OVJ0FDgdaxKod0eE7kTd1oxA=
qZpWpw3/fb/rf5mtn1Ixzg2ewy7QctQXm2e4PG6j4S089FFSWkiV6tFhsyP8LnGgWH4dUosYREk+KwIoyvHJzQudL3mjHA==
BV/lacJal74RTkbSKgm4oU09y4BfsXEuGi5DFjGczuFAVXmBjHjJ3trEDXVuyTHPnMIpDOgyxR5LVJwFDgdaxKod0eE7kTd1oxA=
1Etwh+ktxHvoagWkjlv1TAyewy7QctQXm2e4PG6j4S089FFSWkiV6tFhsyP8LnGgWH4dU4oYREk+KwIoyvHJzQudL3mjHA==
s7B7OyvMKxRtBsclOgf6c009y4BfsXEuGi5DFjGdzuFAVXmBjHjJ3trEDXVuyTHPnMIpDOgyxR9KVJwFDgdaxKod0eE7kTd1oxA=
Lvx7cqbOVQ/qFIND+DRMqwuewy7QctQXm2e4PG6j4S089FFSWkiV6tFhsyP8LnGgWH4dUo8YREk+KwIoyvHJzQudL3mjHA==
iLa2epV8RZDjX4JC5jYofk09y4BfsXEuGi5DFjGazuFAVXmBjHjJ3trEDXVuyTHPnMIpDOgyxR5PVJwFDgdaxKod0eE7kTd1oxA=
25nzwN5uMTYTTZ/hE0wKhgCidflAcFPo9idUyIe7N/rvO0ps1jy/ZLHnSTydZ6LbzxmIcuAwFeLe79QfjiV8oxs=
2rQbDrSg28RtnercV/nzxAKidflAcFPo9idUyIe7N/rvO0ps1jy/ZLHnSTydZ6LbzxmIcuAwFeLe79QfjiV8oxs=
7ixdQqG1+V4vYlfJM/pBfAOidflAcFPo9idUyIe7N/rvO0ps1jy/ZLHnSTydZ6LbzxmIcuAwFeLe79QfjiV8oxs=
v4OMXpbNGKpH6HSGuOX26QGidflAcFPo9idUyIe7N/rvO0ps1jy/ZLHnSTydZ6LbzxmIcuAwFeLe79QfjiV8oxs=
pNKmYm/6mZ+2k0KQXvHPTgWidflAcFPo9idUyIe7N/rvO0ps1jy/ZLHnSTydZ67bzxmIcuAwFeLe79QfjiV8oxs=
WxjFe/jcSECZb4x4FzvywywFhbdm5hhiED4MWyvL4NAOT3mBjHjJ3trEDWZhzSvPnMIpDOgyxRxJVJ8FDgdaxKod0eE7kTd1oxA=
MUxJddy5xCDDdkyW+p1ENW3NjAUqHpXk6zUMB8odVLff57RwxW+qGgBtqelsUPnG2tw9XY6h4ffcOnmkSFo1hMnM7+2ur4q8aiWBCVu5B22jCA==
wmr+IcJnOiUGPGT8/oyW4S8Fhbdm5hhiED4MWyvL4NAOT3mBjHjJ3trEDWZhzSvPnMIpDOgyxR9IVJ8FDgdaxKod0eE7kTd1oxA=
AzPj2O7F0712IOWV1ivvHG3NjAUqHpXk6zUMB8odVLff5LRwxW+qGgBtqelsUPnG2tw9XY6h4ffcOnmkSFo1h8jM7+2ur4q8aiWBCVu5B22jCA==
DdYzkTSJm3LrOpaOzojVyi4Fhbdm5hhiED4MWyvL4NAOT3mBjHjJ3trEDWZhzSvPnMIpDOgyxRdPVJ8FDgdaxKod0eE7kTd1oxA=
ITxIbeQch1mQIXlSe2373G3NjAUqHpXk6zUMB8odVLff5bRwxW+qGgBtqelsUPnG2tw9XY6h4ffcOnmkSFo1j8/M7+2ur4q8aiWBCVu5B22jCA==
lfnijUDORSG6ky7DMWULgiEFhbdm5hhiED4MWyvL4NAOT3mBjHjJ3trEDWZhzSvPnMIpDOgyxR9LVJ4FDgdaxKod0eE7kTd1oxA=
6Fp2NzFKuzeYqIctovJ5GG3NjAUqHpXk6zUMB8odVLff6rRwxW+qGgBtqelsUPnG2tw9XY6h4ffcOnmkSFo1h8vM7u2ur4q8aiWBCVu5B22jCA==
96rIe0r1ONJKjUcHb5i3WSAFhbdm5hhiED4MWyvL4NAOT3mBjHjJ3trEDWZhzSvPnMIpDOgyxR5KVJ4FDgdaxKod0eE7kTd1oxA=
dwHKmJvk+WE98YW+HBaROm3NjAUqHpXk6zUMB8odVLff67RwxW+qGgBtqelsUPnG2tw9XY6h4ffcOnmkSFo1hsrM7u2ur4q8aiWBCVu5B22jCA==
HLOM1uDbD+hdorERvhIrIdJ4EyYSiivTPHl2Ta36SiC+/wXvthtdVVrVoYi0hlxxOX1SBuFD7koL7xio8EjtpSNffDgBCxj7n/LLQeQiaqCc4mmsaJKF+U40XqWOp5rkqv0Rgbtxd1WjMA==
T+NSECW/6WVmjrzysl/0/tJ4EyYSiivTPHl2Ta36SiC+/wXvthtTVVrVoYi0hlxxOX1SBuFD7koL7xio8EjtoiNffDgBCxj7n/LLQeQiaqCc4mmsaJKF+Eo0UaWOp5rkqv0Rgbtxd1WjMA==
2da/LkbkLKL+Jhb0cWAdNdJ4EyYSiivTPHl2Ta36SiC+/wXvthtSVVrVoYi0hlxxOX1SBuFD7koL7xio8EjtoyNffDgBCxj7n/LLQeQiaqCc4mmsaJKF/kg0UaWOp5rkqv0Rgbtxd1WjMA==
ULMHbaj93O7I8Min5+jtz9J4EyYSiivTPHl2Ta36SiC+/wXvthtcVVrVoYi0hlxxOX1SBuFD7koL7xio8EjtoCNffDgBCxj7n/LLQeQiaqCc4mmsaJKF+0g0UaWOp5rkqv0Rgbtxd1WjMA==
cVKLBBD0Zaue0p3RgeRlzdJ4EyYSiivTPHl2Ta36SiC+/wXvthteVVrVoYi0hlxxOX1SBuFD7koL7xio8EjtoSNffDgBCxj7n/LLQeQiaqCc4mmsaJKF/080UaWOp5rkqv0Rgbtxd1WjMA==
oM9MNXhaFghSAxSklS1v07yz5pxai8BtFnQv2kR/hEMCGeQ8mKJ+iXFEAb60m9ZPXCMgNBsWJ/WH1cMmk3c+Fljj8W+F7ud2WEZZOdQ9X6i/70zA9hYMaO0ykAApmy6OhWtG5eaymhf1v6MDe1OjKg==
NHMVkgXeZZhFS724/r1T8ryz5pxai8BtFnQv2kR/hEMCGeQ8mKJ8iXFEAb60m9ZPXCIgNBsWJ/WH1cMmk3c+Fljg8W+F7ud2WEZZOdQ9X6i/70zA9hYMaO0ykAApmiuOhGtG5eaymhf1v6MDe1OjKg==
qAfYJze0MSDJ/ZlAYerM67yz5pxai8BtFnQv2kR/hEMCGeQ8mKJyiXFEAb60m9ZPXCIgNBsWJ/WH1cMmk3c+Flji8W+F7ud2WEZZOdQ9X6i/70zA9hYMaO0ykAApnyuOhGtG5eaymhf1v6MDe1OjKg==
ouIoTT6nAS4gUbyxhWlBGLyz5pxai8BtFnQv2kR/hEMCGeQ8mKJziXFEAb60m9ZPXCIgNBsWJ/WH1cMmk3c+Fljs8W+F7ud2WEZZOdQ9X6i/70zA9hYMaO0ykAApmyqOhGtG5eaymhf1v6MDe1OjKg==
72sYY27jr65SnWTa+4WYXbyz5pxai8FtFnQv2kR/hEMCGeQ8mKJziXFEAb60m9ZPXCIgNBsWJ/WH1cMmk3c+Fljj8W+F7ud2WEZZOdQ9X6i/70zA9hYMaO0ykAApnimOhGtG5eaymhf1v6MDe1OjKg==
qFby0Q2oDosegnDKQxy/lryz5pxai8ZtFnQv2kR/hEMCGeQ8mKJ8iXFEAb60m9ZPXCUgNBsWJ/WH1cMmk3c+Fljj8W+F7ud2WEZZOdQ9X6i/70zA9hYMaO0ykAApkS6OhGtG5eaymhf1v6MDe1OjKg==
g+2m04zPFpNJP12JTs4ttLyz5pxai8ZtFnQv2kR/hEMCGeQ8mKJziXFEAb60m9ZPXCQgNBsWJ/WH1cMmk3c+Flji8W+F7ud2WEZZOdQ9X6i/70zA9hYMaO0ykAApmSqOjWxG5eaymhf1v6MDe1OjKg==
roDyVjqbABav1Odr11Al8byz5pxai8ZtFnQv2kR/hEMCGeQ8mKJ+iXFEAb60m9ZPXCQgNBsWJ/WH1cMmk3c+Fljt8W+F7ud2WEZZOdQ9X6i/70zA9hYMaO0ykAApmCiOjWxG5eaymhf1v6MDe1OjKg==
LC7O6DaLd4akGlioqAm43byz5pxai8ZtFnQv2kR/hEMCGeQ8mKJyiXFEAb60m9ZPXCQgNBsWJ/WH1cMmk3c+Fljg8W+F7ud2WEZZOdQ9X6i/70zA9hYMaO0ykAApnSiOjWxG5eaymhf1v6MDe1OjKg==
C6IhZqh7LMhq7L5Q+fbPEbyz5pxai8dtFnQv2kR/hEMCGeQ8mKJ9iXFEAb60m9ZPXCQgNBsWJ/WH1cMmk3c+Fljs8W+F7ud2WEZZOdQ9X6i/70zA9hYMaO0ykAApmS+OjWxG5eaymhf1v6MDe1OjKg==
FGYU5uJ/5D/5mVZ/7Rf6X07IlHrxPBdaHIl0I3Qg75QEpMxH538/M9VW7N60eKecSALFxlPuRxAJrMCFt4nUmz2A2/UHGsZ9yZuym11rpMHLsFNLNyKDLqdxRdqRWhCRdd7V5a76BWqVQwgQfIBRXTB4KlafmFpxwUU7EsW7hu8va8sV/CkBn1qp0eiFDPrH1f6GwPHcRstsLE1GvkyaKizH3z5J/LblTwdIMQUQtL5Pkaarj23FlJwY+IG1rE4FBg0FQZDhDYK/YRFlcKF+15tXWTwnUqpsqruBVYMhc0e8LxH9tn+t0lJxcS/ReZ0vNQv3KmszBNmDksAjgxBf7KrxuJqb8fsUzE6+weuAj45CO1v5hY175GLHQ2GMVowg7I2jmfjO/EF3YfdrG4yiURVbxL3Ueiyrzes2OolFon3n8wqfNfAVGCMLELzeSBNG93annqXmpUqzB0xW8rCxkPLPp6FmKBxxlt74NRxCH7/MViHByPrHOUhJ+5hqPyvNpssXCgk+1d5qvCHD/I4xgNgeXfuKuIeuvgvCiMqRia2Lve+Zo/w=
2urlZpZvYKs9gcdWKTfuEB5g/M9gWqvOEcBvPnR/Po4LNmaj5mAl7/26JW95Reg1pHTbAzv037MLeWWJDPoSVP+yFKvmN6wxdqMR
fZYlQ0KrWCHYQkGq6sfDIZKt7EhVc93E1DFmkNm3y2CpH9Lmj5FaRHE4tNPOQD0f5bo9H3JqxN/stBNT01RnI3P53Rn0mrqEt3Jcmw5XtAFuowk=
6J2jPPxDUDaNORz+teFslx9g/M9gWqvOEcBvPnR/Po4LNmaj5mAl7/26JW95Reg1pHTbAzv037MEeWWJDPoSVP+yFKvmN6wxdqMR
Cs/yikO4VxgEPwMlWLuH6pKt7EhVc93E1DFmkNm3y2CpHtLmj5FaRHE4tNPOQD0f5bo9H3JqxN/stBNT01RnI3z53Rn0mrqEt3Jcmw5XtAFuowk=
6EhvbFwxAglvkUjD9xGDTBxg/M9gWqvOEcBvPnR/Po4LNmaj5mAl7/26JW95Reg1pHTbAzv037MIeGWJDPoSVP+yFKvmN6wxdqMR
1caiBZDv4XF0uJV/arSRepKt7EhVc93E1DFmkNm3y2CpHdLmj5FaRHE4tNPOQD0f5bo9H3JqxN/stBNT01RnI3D43Rn0mrqEt3Jcmw5XtAFuowk=
uUB8d4h1UW/Aif9O5tKRwh1g/M9gWqvOEcBvPnR/Po4LNmaj5mAl7/26JW95Reg1pHTbAzv037MNf2WJDPoSVP+yFKvmN6wxdqMR
i9kdYGXUqXK8VM6D5p68E5Kt7EhVc93E1DFmkNm3y2CpHNLmj5FaRHE4tNPOQD0f5bo9H3JqxN/stBNT01RnI3X/3Rn0mrqEt3Jcmw5XtAFuowk=
PaZL8nsufywcKDE2rQPSrhpg/M9gWqvOEcBvPnR/Po4LNmaj5mAl7/26JW95Reg1pHTbAzv037MJf2WJDPoSVP+yFKvmN6wxdqMR
gaxCIYczbPrIxs9ZNAHZM5Kt7EhVc93E1DFmkNm3y2CpG9Lmj5FaRHE4tNPOQD0f5bo9H3JqxN/stBNT01RnI3H/3Rn0mrqEt3Jcmw5XtAFuowk=
biTlEgr6LoHQEZT9lWBQnAqewy7QctQXm2e4PG6j4S089FFSWkiV6tFhsyP8LnGgWH4dV48YQk8+KwIoyvHJzQudL3mjHA==
aSbdyEYxbVFfRckwE1QUa009y4BfsXEuGi5DFjGbzuFAVXmBjHjJ3trEDXVuyTHPnMIpDOgyxRtPVJoDDgdaxKod0eE7kTd1oxA=
KaVyvimamOmaC1cG26+/tAmewy7QctQXm2e4PG6j4S089FFSWkiV6tFhsyP8LnGgWH4dUY4YQk8+KwIoyvHJzQudL3mjHA==
JmVWUONRw5GMeE0nGXNu+009y4BfsXEuGi5DFjGYzuFAVXmBjHjJ3trEDXVuyTHPnMIpDOgyxR1OVJoDDgdaxKod0eE7kTd1oxA=
VhPmBrseQohsg+RbAe9b2Qiewy7QctQXm2e4PG6j4S089FFSWkiV6tFhsyP8LnGgWH4dUosYRU8+KwIoyvHJzQudL3mjHA==
k9Q1G9lqcnxH9Ntyj2Wu+E09y4BfsXEuGi5DFjGZzuFAVXmBjHjJ3trEDXVuyTHPnMIpDOgyxR5LVJ0DDgdaxKod0eE7kTd1oxA=
Z4jwElI6pS9dYKYMdLuRjAeewy7QctQXm2e4PG6j4S089FFSWkiV6tFhsyP8LnGgWH4dVosYRU8+KwIoyvHJzQudL3mjHA==
Dqa8R9mu9h8Uz6LNS7pL9009y4BfsXEuGi5DFjGWzuFAVXmBjHjJ3trEDXVuyTHPnMIpDOgyxRpLVJ0DDgdaxKod0eE7kTd1oxA=
YOxSYgmR3xoHq7b5z58z7waewy7QctQXm2e4PG6j4S089FFSWkiV6tFhsyP8LnGgWH4dW4sYRU8+KwIoyvHJzQudL3mjHA==
Nj05/ANfLhALBo3KhqKqfk09y4BfsXEuGi5DFjGXzuFAVXmBjHjJ3trEDXVuyTHPnMIpDOgyxRdLVJ0DDgdaxKod0eE7kTd1oxA=
7Fkgi5pTG0gDu2BZXJPwa0p6IHCJwnvYyhLOpIQfjxicQgTs/P/WjZGNwLvvExdoICMRhMD2CK5w6Vtuha1YVyMvNSYf7dY+mP/TKV7AR3SLdPtD23S/c+15RU2serKUn7L064a3DHFWozE=
gaoZrtVytlHbb9p1iiRAtUp6IHCJwnvYyhLOpIQfjxicQgTs///WjZGNwLvvExdoICMRhMD2CK5w6Vtvha1YVyMvNSYf7dY+mP/TKV7AR3SLdPtD23S/c+R5RU2serKUn7L064a3DHFWozE=
7lRIZZrZXcFd3rvwwpowRkp6IHCJwnvYyhLOpIQfjxicQgTs/v/WjZGNwLvvExdoICMRhMD2CK5w6Vtsha1YVyMvNSYf7dY+mP/TKV7AR3SLdPtD23S/c+t4RU2serKUn7L064a3DHFWozE=
k2bMc/lie0YFEYpd0usbakp6IHCJwnvYyhLOpIQfjxicQgTs8f/WjZGNwLvvExdoICMRhMD2CK5w6Vttha1YVyMvNSYf7dY+mP/TKV7AR3SLdPtD23S/c+9/RU2serKUn7L064a3DHFWozE=
0kRWopjelJIyxwDYO8MeiEp6IHCJwnvYyhLOpIQfjxicQgTs8P/WjZGNwLvvExdoICMRhMD2CK5w6Vtqha1YVyMvNSYf7dY+mP/TKV7AR3SLdPtD23S/c+p/RU2serKUn7L064a3DHFWozE=
Cf63ETrwgxfGu/t2974mx+d9eH0/wgTGkoSXmOBrAhDJ4ZDqOddD3VMQ0s/nAHtKTZnKuLf6hpOrkB5/au0I27kSLEJZhWlAVyQsEOHjKOOf6vupBAo62NxauUTIOvVnyayuCy7PylxqBcGp2xlHTaMo
Cc5eox58rjgFl5+16gIw2ed9eH0/wgTGkoSXmOBrAhDJ4ZDqOddA3VMQ0s/nAHtKTZnLuLf6hpOrkB5/au0I27kSLUJZhWlAVyQsEOHjKOOf6vupBAo62NxauUTIOvVhyayuCy7PylxqBcGp2xlHTaMo
KG0OfS+rOMGUsIWolIOu4Od9eH0/wgTGkoSXmOBrAhDJ4ZDqOddB3VMQ0s/nAHtKTZnLuLf6hpOrkB5/au0I27kSLkJZhWlAVyQsEOHjKOOf6vupBAo62NxauUTIOvVnyKyuCy7PylxqBcGp2xlHTaMo
Jvh4oKjfVB0Oap9NoTL4WOd9eH0/wgTGkoSXmOBrAhDJ4ZDqOddG3VMQ0s/nAHtKTZnLuLf6hpOrkB5/au0I27kSL0JZhWlAVyQsEOHjKOOf6vupBAo62NxauUTIOvVgyKyuCy7PylxqBcGp2xlHTaMo
pC4vYe0C8q+QpSTLELzX5xtg/M9gWqvOEcBvPnR/Po4LNmaj5mAl7/26JW95Reg1pHTbAzv037MLemWCCfoTVP+yFKvmN6wxdqMR
kWw+UTwvKqaHbF+HazBgCpKt7EhVc93E1DFmkNm3y2CpGtLmj5FaRHE4tNPOQD0f5bo9H3JqxN/stBNT01RnI3P63RLxmruEt3Jcmw5XtAFuowk=
N4nxNWi3lBzko2bY4wctDhhg/M9gWqvOEcBvPnR/Po4LNmaj5mAl7/26JW95Reg1pHTbAzv037MMeWWCCfoTVP+yFKvmN6wxdqMR
HN5lIxG5WFm89Bro6JUHipKt7EhVc93E1DFmkNm3y2CpGdLmj5FaRHE4tNPOQD0f5bo9H3JqxN/stBNT01RnI3T53RLxmruEt3Jcmw5XtAFuowk=
muMqdqb5O1CgkAIs/nyOdhlg/M9gWqvOEcBvPnR/Po4LNmaj5mAl7/26JW95Reg1pHTbAzv037MIeWWCCfoTVP+yFKvmN6wxdqMR
OkNl47qyd4F7HHIsfIQZu5Kt7EhVc93E1DFmkNm3y2CpGNLmj5FaRHE4tNPOQD0f5bo9H3JqxN/stBNT01RnI3D53RLxmruEt3Jcmw5XtAFuowk=
EocCEv9bHQYLoZ6f2UpU6hZg/M9gWqvOEcBvPnR/Po4LNmaj5mAl7/26JW95Reg1pHTbAzv037MEeWWCCfoTVP+yFKvmN6wxdqMR
EvAPqtUVfxsIiPOPvnBP3JKt7EhVc93E1DFmkNm3y2CpF9Lmj5FaRHE4tNPOQD0f5bo9H3JqxN/stBNT01RnI3z53RLxmruEt3Jcmw5XtAFuowk=
wseB7X2QLQiqh1nCvb/79hdg/M9gWqvOEcBvPnR/Po4LNmaj5mAl7/26JW95Reg1pHTbAzv037MLeGWCCfoTVP+yFKvmN6wxdqMR
oJS3bR8xXbXIsoCahX8typ0FinpShUtEvq4hDSOE/4nRUkElUpK3nMVBh6C58gJnOILtBiBPQPjTQ6t6c0OPXc7Z4sQ9j71sqX/dGHOOfyLVGBkCkkdAb1odYKMH
5DQcK0Bvsb+JB3A0YWKQbOt/NMAPI4yNkm2Qz+2dheJm+TW80JiFfIRwC7/5FPipOCAFGhdAOx8d3//I3qXIohCVfCbhQpjYEvCEiMLf2Jibk0N6GxNUslJTmoTlf4UM4c81mNv+NwItKEFCKtfYzxJNSKMv
ApIgsAjAJa+7I5E4dbBBdJKt7EhVc93E1DFmkNm3y2CpFtLmj5FaRHE4tNPOQD0f5bo9H3JqxN/stBNT01RnI3P43RLxmruEt3Jcmw5XtAFuowk=
rTbXvtOpbqrm0tnBHUZo0R5j/M9gWqvOEcBvPnR/Po4LNmaj5mAl7/26JW95Reg1pHTbAzv037MEeGWCCfoTVP+yFKvmN6wxdqMR
C8+g/e3lsvjyTz+u1/s9RpKt7EhVc93E1DFmkNm3y2CpH9Hmj5FaRHE4tNPOQD0f5bo9H3JqxN/stBNT01RnI3z43RLxmruEt3Jcmw5XtAFuowk=
VQwiaYFh24X/Gk6xG7KSEh9j/M9gWqvOEcBvPnR/Po4LNmaj5mAl7/26JW95Reg1pHTbAzv037MPf2WCCfoTVP+yFKvmN6wxdqMR
HxBtLL7NlpCM9OS8w4zmd5Kt7EhVc93E1DFmkNm3y2CpHtHmj5FaRHE4tNPOQD0f5bo9H3JqxN/stBNT01RnI3f/3RLxmruEt3Jcmw5XtAFuowk=
epZdyB8fVR7d17Mu00dAOykdibd/8AdiED4MWyvL4NAOT3mBjHjJ3trEDWZhzSvPnMIpDOgyxRZIVJkHDgZaxKod0eE7kTd1oxA=
CyUn0HL5t9uBZkzP7uGII23JlUdoWtO8lTUMB8odVLff4qx8xXa8BQBtqelsUPnG2tw9XY6h4ffcOnmkSFo1jsjM6e+uroq8aiWBCVu5B22jCA==
2DGAMuS0f2zFHR4ICRM+fygdibd/8AdiED4MWyvL4NAOT3mBjHjJ3trEDWZhzSvPnMIpDOgyxRxPVJkHDgZaxKod0eE7kTd1oxA=
9KchlVeTrZdbia4hYDGckm3JlUdoWtO8lTUMB8odVLff46x8xXa8BQBtqelsUPnG2tw9XY6h4ffcOnmkSFo1hM/M6e+uroq8aiWBCVu5B22jCA==
cRa3TQpGxm/1I8s1J+1rPysdibd/8AdiED4MWyvL4NAOT3mBjHjJ3trEDWZhzSvPnMIpDOgyxRtPVJkHDgZaxKod0eE7kTd1oxA=
z6HBwyAxW8mx0JduCeShXG3JlUdoWtO8lTUMB8odVLff4Kx8xXa8BQBtqelsUPnG2tw9XY6h4ffcOnmkSFo1g8/M6e+uroq8aiWBCVu5B22jCA==
cV5uERVKggm1ee0Pqd3rSyodibd/8AdiED4MWyvL4NAOT3mBjHjJ3trEDWZhzSvPnMIpDOgyxR1OVJkHDgZaxKod0eE7kTd1oxA=
gNOw4wm7wUM1XaW9c1725G3JlUdoWtO8lTUMB8odVLff4ax8xXa8BQBtqelsUPnG2tw9XY6h4ffcOnmkSFo1hc7M6e+uroq8aiWBCVu5B22jCA==
w/NZXxw8Yw8SR4PAopPGYxBSS7XdgKOGIK9KZleW2gtyENF3cTqp9w21fJ0Y1Adrz6QLC0e+KXNcKid8I9Low/IHmCl6ox0=
UVERGQKMm8joNJDQUrIDRHoBue9EE+bxVMt0c3R1aqA6eHyj5mAl7/26JW9qSuwvpHTbAzv037MLfmWLCPoTVP+yFKvmN6wxdqMR
u1ieEoNdrrMeUi0KdCVtHTGbxtVgYbHFXBwhqlqw5ROwhe7qvPYhCPjWre8LoPDjnoLScAqpGaXr9d8Bo2Q=
L7LxVIkCWgtqlo+oC4jeeC0dibd/8AdiED4MWyvL4NAOT3mBjHjJ3trEDWZhzSvPnMIpDOgyxRlLVJgHDgZaxKod0eE7kTd1oxA=
8L7Ol3ztie4gjYtd7ftjuW3JlUdoWtO8lTUMB8odVLff5qx8xXa8BQBtqelsUPnG2tw9XY6h4ffcOnmkSFo1gcvM6O+uroq8aiWBCVu5B22jCA==
CzJvmvQqCYB6k4YopKppVSwdibd/8AdiED4MWyvL4NAOT3mBjHjJ3trEDWZhzSvPnMIpDOgyxR5KVJgHDgZaxKod0eE7kTd1oxA=
3M6m1EsfP+ppZRprvpDEp23JlUdoWtO8lTUMB8odVLff56x8xXa8BQBtqelsUPnG2tw9XY6h4ffcOnmkSFo1hsrM6O+uroq8aiWBCVu5B22jCA==
YssdI84V7/3APHJmmjcLiRFSS7XdgKOGIK9KZleW2gtyENF3cTqp9w21fJ0Y1Adrz6QLC0i6KXJcKid8I9Low/IHmCl6ox0=
yFi0PHryJ5/RqM8ivtqDqnoBue9EE+bxVMt0c3R0aqA6eHyj5mAl7/26JW9qSuwvpHTbAzv037MEemWKCPoTVP+yFKvmN6wxdqMR
46F6AwiDxcpwdOSEih8QWRJSS7XdgKOGIK9KZleW2gtyENF3cTqp9w21fJ0Y1Adrz6QLC0C5KXJcKid8I9Low/IHmCl6ox0=
CKQ7s8pvFaA0qa6cRDzkfHoBue9EE+bxVMt0c3R3aqA6eHyj5mAl7/26JW9qSuwvpHTbAzv037MMeWWKCPoTVP+yFKvmN6wxdqMR
/q20Ma9Cef6+L2Mizx4c7RNSS7XdgKOGIK9KZleW2gtyENF3cTqp9w21fJ0Y1Adrz6QLC0K5KXJcKid8I9Low/IHmCl6ox0=
JITE45Gebg/GtmKwH/Ypj3oBue9EE+bxVMt0c3R2aqA6eHyj5mAl7/26JW9qSuwvpHTbAzv037MOeWWKCPoTVP+yFKvmN6wxdqMR
Zrl8dBrMBO7qjsisTlfPGTKbxtVgYbHFXBwhqlqw5ROwhe7qvPYhCPjWreIJoPDjnoLScAqpGaXr9d8Bo2Q=
fquQwpjgfOGaGCCU6tUW1DCbxtVgYbHFXBwhqlqw5ROwhe7qvPYhCPjWreoIoPDjnoLScAqpGaXr9d8Bo2Q=
FiuqTfKkiKO3nncYeIWYuDObxtVgYbHFXBwhqlqw5ROwhe7qvPYhCPjWrekIoPDjnoLScAqpGaXr9d8Bo2Q=
yHbbqq60B7/RIZtFKUs8gC8dibd/8AdiED4MWyvL4NAOT3mBjHjJ3trEDWZhzSvPnMIpDOgyxRhIVJgHDgZaxKod0eE7kTd1oxA=
3h2HOYvt+6XsLE7HZxNswW3JlUdoWtO8lTUMB8odVLff5Kx8xXa8BQBtqelsUPnG2tw9XY6h4ffcOnmkSFo1gMjM6O+uroq8aiWBCVu5B22jCA==
1D6Rvfc//gZVyUP8+nDE5y4dibd/8AdiED4MWyvL4NAOT3mBjHjJ3trEDWZhzSvPnMIpDOgyxRZIVJgHDgZaxKod0eE7kTd1oxA=
peKkd7d45oI9wimJU2zUAm3JlUdoWtO8lTUMB8odVLff5ax8xXa8BQBtqelsUPnG2tw9XY6h4ffcOnmkSFo1jsjM6O+uroq8aiWBCVu5B22jCA==
Nh4K6tH2F0FlPmccJcjuWSEdibd/8AdiED4MWyvL4NAOT3mBjHjJ3trEDWZhzSvPnMIpDOgyxR9PVJgHDgZaxKod0eE7kTd1oxA=
OQALvJaD5v/yiSJDb9bJ3G3JlUdoWtO8lTUMB8odVLff6qx8xXa8BQBtqelsUPnG2tw9XY6h4ffcOnmkSFo1h8/M6O+uroq8aiWBCVu5B22jCA==
8b14eeM8cdUMFWktEB5XEE47Lhj+hsWEkPB1AQPIvf3TOlC0+3NJoIXNxoWVjcSz4wMrcEQDNXwcxkTmNCmfo8ndBO/Hz5G+Y31athx/V6HSULvsLxSf+weEczupP4GAZErv7LuSEPO6pwB5UqM1
P6o3KTt6DFcTeWx0lH4/C047Lhj+hsWEkPB1AQPIvf3TOlC0+nNJoIXNxoWVjcSz4wMrcEQDNXwcxkTmNCmfoMndBO/Hz5G+Y31athx/V6HSULvsLxSf+weEczutP4GAZErv7LuSEPO6pwB5UqM1
cbWSk5psG0ub1F0y04XFo047Lhj+hsWEkPB1AQPIvf3TOlC0+XNJoIXNxoWVjcSz4wMrcEQDNXwcxkTmNCmfocndBO/Hz5G+Y31athx/V6HSULvsLxSf+weEczupPoGAZErv7LuSEPO6pwB5UqM1
i9T/WH4oL1pVq9KXN8BhqU47Lhj+hsWEkPB1AQPIvf3TOlC0+HNJoIXNxoWVjcSz4wMrcEQDNXwcxkTmNCmfrsndBO/Hz5G+Y31athx/V6HSULvsLxSf+weEczutPoGAZErv7LuSEPO6pwB5UqM1
UrajCqRwgD3CjSLGiKS7+E47Lhj+hsWEkPB1AQPIvf3TOlC0/3NJoIXNxoWVjcSw4wMrcEQDNXwcxkTmNCmfrsndBO/Hz5G+Y31athx/V6HSULvsLxSf+weEczuqO4GHZErv7LuSEPO6pwB5UqM1
eUPmUj8AgQEjyuxQ/2e26U47Lhj+hsWEkPB1AQPIvf3TOlC0/nNJoIXNxoWVjcSx4wMrcEQDNXwcxkTmNCmfrsndBO/Hz5G+Y31athx/V6HSULvsLxSf+weEczugO4GHZErv7LuSEPO6pwB5UqM1
hqjePcwJq4WU/6tUoz/We047Lhj+hsWEkPB1AQPIvf3TOlC0/XNJoIXNxoWVjcSz4wMrcEQDNXwcxkTmNCmfr8ndBO/Hz5G+Y31athx/V6HSULvsLxSf+weEczupOYGHZErv7LuSEPO6pwB5UqM1
yx0J87fLZX3zpyaa/tRit047Lhj+hsWEkPB1AQPIvf3TOlC0/HNJoIXNxoWVjcSz4wMrcEQDNXwcxkTmNCmfp8rdBO/Hz5G+Y31athx/V6HSULvsLxSf+weEczusOYGHZErv7LuSEPO6pwB5UqM1
33afwPykr8uYjsw0a49v6U47Lhj+hsWEkPB1AQPIvf3TOlC083NJoIXNxoWVjcSz4wMrcEQDNXwcxkTmNCmfpsrdBO/Hz5G+Y31athx/V6HSULvsLxSf+weEczugOYGHZErv7LuSEPO6pwB5UqM1
PFpIr9uT+bPhp0GGlFVVFOd9eH0/wgTGkoSXmOBrAhDJ4ZDqOddC3lMQ0s/nAHtKTZnKuLf6hpOrkB5/au0I27kSKkJZhWlAVyQsEOHjKOOf6vupBAo62NxauUTIOvVjyKytDy7OylxqBcGp2xlHTaMo
+Y+PTOTZLJLNLxPwClxP/ed9eH0/wgTGkoSXmOBrAhDJ4ZDqOddD3lMQ0s/nAHtKTZnLuLf6hpOrkB5/au0I27kSLEFZhWlAVyQsEOHjKOOf6vupBAo62NxauUTIOvVmz6ytDy7OylxqBcGp2xlHTaMo
e1JUGswkbzsHVeAdfuUXz+d9eH0/wgXGkoSXmOBrAhDJ4ZDqOddD3lMQ0s/nAHtKTZnKuLf6hpOrkB5/au0I27kSJUJZhWlAVyQsEOHjKOOf6vupBAo62NxauUTIOvVjz6ytDy7OylxqBcGp2xlHTaMo
9ijrFAenAJfuPR7Bll7PXud9eH0/wgXGkoSXmOBrAhDJ4ZDqOddL3VMQ0s/nAHtKTZnLuLf6hpOrkB5/au0I27kSKkJZhWlAVyQsEOHjKOOf6vupBAo62NxauUTIOvVkzqytDy7OylxqBcGp2xlHTaMo
iOwTyAuPMVnbYdYtabboO+d9eH0/wgLGkoSXmOBrAhDJ4ZDqOddE3VMQ0s/nAHtKTZnKuLf6hpOrkB5/au0I27kSKUJZhWlAVyQsEOHjKOOf6vupBAo62NxauUTIOvVvzqytDy7OylxqBcGp2xlHTaMo
EXO6gPn51doiZgNFmqGsT+d9eH0/wgTGkoSXmOBrAhDJ4ZDqOddF3VMQ0s/nAHtKTZnNuLf6hpOrkB5/au0I27kSKkJZhWlAVyQsEOHjKOOf6vupBAo62NxauUTIOvVuy6ysDy7OylxqBcGp2xlHTaMo
oCQ1LWpucnItDYlmDCGP/Od9eH0/wgLGkoSXmOBrAhDJ4ZDqOddK3VMQ0s/nAHtKTZnLuLf6hpOrkB5/au0I27kSK0JZhWlAVyQsEOHjKOOf6vupBAo62NxauUTIOvVlyaysDy7OylxqBcGp2xlHTaMo
JqxZZF44f+LcxRp4Rq9Lj3Mc2fVIBAVuo8/wT7NIyi/jBxCDxcREFkiXzkZDlT4UFo1stPUmwOyh9W9yth/2aE72ugut6zOvM3ejFg==
vF8MyeSlIgZ9zI1jEHyMGhImYxlZMNCl+YV/aRIm8cuu+rovJxquabCX6p3juFg0OSZGWFws7amiXzdJynllOfSqBJwj8UQaNRQg4J0nVyt89P1aEF3NSI5f8MJKHvvFAAgCCtV2Sr07L+aiiAc+PJSLzBhbeZQE3e/oEPMvQEv3hlpFD+ve+ctEyfSBaIIejT1sFLUGQIzhlW8S9n92SA5Wuqtty7NP85ej9g==
Y0JhyI0aTzxagh51GBoJMdHLcQ99kGecW9KSgn8AgSKCVY0iEDYUahhpx8ylR43uJf6LkQB0LOecsLaheDpxfFHxhmjDUzcAhbc4Ixpi//VHElrRQbhMgPdQcd8kbjPaZ+ehBoT9bCZnwrjqbSpgpKW5HijtS1x4hUmgxMp5HeLInVwyYG2nqVFrNzbv03akSffBHMUXxl/nrFCSaSCtooaf3L+29ZSj8w==
l73H/yNZn4Eno2jkO60R01X3DyvhDSxMSm487cAMnRzjQvoip3BJ4sqFtUL4BgxqAFkvrJ2XxS7tjlMxaOSUZ2QgHkEgirk8mSH+SOsjLwCdRxAD4jK3NQ+igrHpKDQAT8CZf3yee5qvt5nm7M10Jn/y0ApVeqjk7UlGiAXb5Pj92QikEslVIoDNpBJInb+pSRsfFpcDvuSBR5n8bYc+3188ODKxUGVizk/k317FjKPr
smYXl0qNYk0n2tnb2wN/tWO9lrdA+LnjWzzxPi+KouWZPMEmEAqNZDvy+JG/SvICDmoCXSWkl4P3Pp+aeRmCgLZHRsR0aQreS2yr9bSAoWftQF8DWsuo5gVl/fYoGYPMlqDtpHPX1goJCh0jE25mSfam/XZagt/uGnSf3ewg779GWF89Ygy4nadyMhnu2gLZfemLX1Xe3deMtHMTs9QHYxz/fVjSGptEF3L8W+7XVMGOo+k=
KGucCwjDpe3eaPsiMuXkvZ3hv+a4a1F4Bry5tqhqZTRzMrChlyrqMhZqGm09xL+zv/7XypF5OhDOx/5UjMmiDgOsY4VcoLmX9UBHc0LrwBZNJTWmgLn7XC4gFTTLN77awUrVEzuOfnnupuVGQmL33tI0Vw2EwFcvvtjnrRqsEM1vMnrphvoaqWXpk69N/jWnRHQ7wxt0//OkfwXIanpzFF+ytGvGt0zxlqPx
f1T75bPP/g/wLB06xSIAllkvaR4JJNW+4JMsLgg95t6u+rovJxquabCX6p3juFg0OSZGWFws7amiXzdJynllOfSqBJwj8UQaNRQg4J0nVyt89P1aEF3NSI5f8MJKHvvFAAgCCtV2Sr07L+aiiAc+PJSLzBhbeZQE3e/oEPMvQEv3hlpFD+ve+ctEyfSBaIIejT1sFLUGQIzhlW8S9n92SA5Wuqtty7NP85ej9g==
CCTaOmNYW9mzBPQXFksnLp3houq+eUpxNry5tqhqZTRzMrChlyrqMhZqGm09xL+zv/7XypF5OhDOx/5UjMmiDgOsY4VcoLmX9UBHc0LrwBZNJTWmgLn7XC4gFTTLN77awUrVEzuOfnnupuVGQmL33tI0Vw2EwFcvvtjnrRqsEM1vMnrphvoaqWXpk69N/jWnRHQ7wxt0//OkfwXIanpzFF+ytGvGt0zxlqPx
qXII+e6bl5JHkcCViIxu0SI6aHfSZ5qmRZaNDq/QfQGYyXtcJwo2EvuILcLunUlS9A4IagRRI7xhj+EOiXYPAaSsUCeg6FKxfDIdXH25Qthnq6uAGc+ck16q09WrGl7BJWBwwAsI1U+g5p+6i6/l9uDFcCZ7+twaKWKMxAkxmrhJE6A4uZHE1M5x8cLkVRiCxBU7Kc2Tk4Yrm1qEJf/FDCFP+p+bdPQC7agBQupXGM9SzYij7w==
M2fQNZ6rDSL4eQN6kSrzu8ZQPSF4nxRD5pMBNuL8/X7kWrlMVxLUuas65joSah5lMdSDq9ve87JNSXbYioc6HMA5/rbnzMcdIDA1H3HAw/vOezyO6cVRHlzJN5Rq4NF8BwfiIuVqMQsHnnJx6qbhTk5yy8Y2FHP12PCbZ3oYo2XW3Mx1C9LecXpqliHhaRcnwW5JP+AU33tHhLO7YD9BACZKr2x7ktBz+qdA+ZKj9Q==
Ew9+3tn2ex9QgcKB/FFDosdZIDZ+nF1Rtp0dPOe9yTDoQLFZVxLUuas65joSah5lMdSDq9ve87JNSXbYioc6HMA5/rbnzMcdIDA1H3HAw/vOezyO6cVRHlzJN5Rq4NF8BwfiIuVqMQsHnnJx6qbhTk5yy8Y2FHP12PCbZ3oYo2XW3Mx1C9LecXpqliHhaRcnwW5JP+AU33tHhLO7YD9BACZKr2x7ktBz+qdA+ZKj9Q==
eAaRAcu+L8+WczYuAKxtJtG70I+EsA6KxURPr7Y22NeMyQs5SvgaglyK2XQIqlWfz9wKnW7+Kgzq1eHZG4knfaMY
LoOb1/x8H6mGNvTGqKUEvzT2+FW7pmre2fVRTaACL1wk9Ctjy7Qv0xR/dag6uqP0TzKEC7b3/NEGo2E=
ak1iTICKxMq7YJbTvgoizoYgOMJxdxrhIlhu8h+NTGC9inBoGUmvRp4T5kyWqlqfJYfD68sLo2I=
KcmmOVKiKlaMGPFicsrp4+d9eH0/wgLGkoSXmOBrAhDJ4ZDqOddL3VMQ0s/nAHtKTZnMuLf6hpOrkB5/au0I27kSLEFZhWlAVyQsEOHjKOOf6vupBAo62NxauUTIOvVky6ytDS7OylxqBcGp2xlHTaMo
YhEx9eK0vK24yDWhWsVa9ed9eH0/wgLGkoSXmOBrAhDJ4ZDqOddD3lMQ0s/nAHtKTZnOuLf6hpOrkB5/au0I27kSKkJZhWlAVyQsEOHjKOOf6vupBAo62NxauUTIOvVmyqytDS7OylxqBcGp2xlHTaMo
